<?xml version="1.0" encoding="UTF-8"?>
<TestRun id="4578891b-bc1c-4da6-93fe-1be2b99142ba" name="Svc-BuildController@DVGEOBUILD013UK 2016-07-28 11:02:24" runUser="GLOBALDEV\Svc-BuildController" xmlns="http://microsoft.com/schemas/VisualStudio/TeamTest/2010">
  <TestSettings name="Local" id="30a74a68-e2a8-4b83-9079-b2967481116f">
    <Description>These are default test settings for a local test run.</Description>
    <Deployment userDeploymentRoot="D:\Buildoutput\RBS\TestResults" useDefaultDeploymentRoot="false" runDeploymentRoot="Svc-BuildController_DVGEOBUILD013UK 2016-07-28 11_02_24">
      <DeploymentItem filename="UnitTest\bin\Debug\Microsoft.Practices.EnterpriseLibrary.Logging.dll" />
      <DeploymentItem filename="UnitTest\bin\Debug\Microsoft.Practices.EnterpriseLibrary.ExceptionHandling.Logging.dll" />
      <DeploymentItem filename="UnitTest\Tesco.Com.Rewards.Services.RBS.unity.config" />
      <DeploymentItem filename="UnitTest\bin\Debug\Microsoft.Practices.EnterpriseLibrary.ExceptionHandling.dll" />
      <DeploymentItem filename="UnitTest\bin\Debug\Microsoft.Practices.EnterpriseLibrary.Logging.Database.dll" />
      <DeploymentItem filename="UnitTest\bin\Debug\Microsoft.Practices.EnterpriseLibrary.Common.dll" />
      <DeploymentItem filename="UnitTest\App.Config" />
      <DeploymentItem filename="UnitTest\bin\Debug\Microsoft.Practices.ServiceLocation.dll" />
      <DeploymentItem filename="UnitTest\Tesco.Com.Rewards.Services.RBS.Provider.dll.config" />
      <DeploymentItem filename="UnitTest\bin\Debug\Microsoft.Practices.EnterpriseLibrary.Data.dll" />
    </Deployment>
    <Execution>
      <TestTypeSpecific>
        <UnitTestRunConfig testTypeId="13cdc9d9-ddb5-4fa4-a97d-d965ccfc6d4b">
          <AssemblyResolution>
            <TestDirectory useLoadContext="true" />
          </AssemblyResolution>
        </UnitTestRunConfig>
        <WebTestRunConfiguration testTypeId="4e7599fa-5ecb-43e9-a887-cd63cf72d207">
          <Browser name="Internet Explorer 7.0">
            <Headers>
              <Header name="User-Agent" value="Mozilla/4.0 (compatible; MSIE 7.0; Windows NT 5.1)" />
              <Header name="Accept" value="*/*" />
              <Header name="Accept-Language" value="{{$IEAcceptLanguage}}" />
              <Header name="Accept-Encoding" value="GZIP" />
            </Headers>
          </Browser>
        </WebTestRunConfiguration>
      </TestTypeSpecific>
      <AgentRule name="LocalMachineDefaultRole">
        <DataCollectors>
          <DataCollector uri="datacollector://microsoft/CodeCoverage/1.0" assemblyQualifiedName="Microsoft.VisualStudio.TestTools.CodeCoverage.CoveragePlugIn, Microsoft.VisualStudio.QualityTools.Plugins.CodeCoverage, Version=10.0.0.0, Culture=neutral, PublicKeyToken=b03f5f7f11d50a3a" friendlyName="Code Coverage">
            <Configuration>
              <CodeCoverage xmlns="">
                <Regular>
                  <CodeCoverageItem binaryFile="D:\Buildoutput\RBS\Binaries\Tesco.Com.Rewards.Services.RBS.Provider.dll" pdbFile="D:\Buildoutput\RBS\Binaries\Tesco.Com.Rewards.Services.RBS.Provider.instr.pdb" instrumentInPlace="true" />
                  <CodeCoverageItem binaryFile="D:\Buildoutput\RBS\Binaries\Tesco.Com.Rewards.Services.RBS.Repositories.dll" pdbFile="D:\Buildoutput\RBS\Binaries\Tesco.Com.Rewards.Services.RBS.Repositories.instr.pdb" instrumentInPlace="true" />
                </Regular>
              </CodeCoverage>
            </Configuration>
          </DataCollector>
        </DataCollectors>
      </AgentRule>
    </Execution>
  </TestSettings>
  <Times creation="2016-07-28T11:02:24.8933206+01:00" queuing="2016-07-28T11:02:32.1843206+01:00" start="2016-07-28T11:02:32.4793206+01:00" finish="2016-07-28T11:02:54.0293206+01:00" />
  <ResultSummary outcome="Failed">
    <Counters total="139" executed="139" passed="132" error="0" failed="7" timeout="0" aborted="0" inconclusive="0" passedButRunAborted="0" notRunnable="0" notExecuted="0" disconnected="0" warning="0" completed="0" inProgress="0" pending="0" />
    <RunInfos>
      <RunInfo computerName="DVGEOBUILD013UK" outcome="Warning" timestamp="2016-07-28T11:02:32.1773206+01:00">
        <Text>Warning: Test Run deployment issue: The assembly or module 'System.Reactive' directly or indirectly referenced by the test container 'd:\buildoutput\rbs\binaries\tesco.com.rewards.services.rbs.unittest.dll' was not found.</Text>
      </RunInfo>
      <RunInfo computerName="DVGEOBUILD013UK" outcome="Warning" timestamp="2016-07-28T11:02:32.1773206+01:00">
        <Text>Warning: Test Run deployment issue: The assembly or module 'RemoteConfiguration.Contracts' directly or indirectly referenced by the test container 'd:\buildoutput\rbs\binaries\tesco.com.rewards.services.rbs.unittest.dll' was not found.</Text>
      </RunInfo>
    </RunInfos>
    <ResultFiles>
      <ResultFile path="DVGEOBUILD013UK\data.coverage" />
    </ResultFiles>
  </ResultSummary>
  <TestDefinitions>
    <UnitTest name="SearchContentGroupTest" storage="d:\buildoutput\rbs\binaries\tesco.com.rewards.services.rbs.unittest.dll" id="7cc20874-b023-825c-8262-162fddef25cd">
      <DeploymentItems>
        <DeploymentItem filename="Tesco.Com.Rewards.Services.RBS.unity.config" />
        <DeploymentItem filename="App.Config" />
        <DeploymentItem filename="Tesco.Com.Rewards.Services.RBS.Provider.dll.config" />
      </DeploymentItems>
      <Execution id="785ee472-05f4-4439-bbfc-bc987e72595f" />
      <TestMethod codeBase="D:/Buildoutput/RBS/Binaries/Tesco.Com.Rewards.Services.RBS.UnitTest.DLL" adapterTypeName="Microsoft.VisualStudio.TestTools.TestTypes.Unit.UnitTestAdapter, Microsoft.VisualStudio.QualityTools.Tips.UnitTest.Adapter, Version=10.0.0.0, Culture=neutral, PublicKeyToken=b03f5f7f11d50a3a" className="Tesco.Com.Rewards.Services.RBS.UnitTest.RBSProviderTest, Tesco.Com.Rewards.Services.RBS.UnitTest, Version=1.0.0.0, Culture=neutral, PublicKeyToken=null" name="SearchContentGroupTest" />
    </UnitTest>
    <UnitTest name="GetRemindersByStyleIdTest" storage="d:\buildoutput\rbs\binaries\tesco.com.rewards.services.rbs.unittest.dll" id="ba89b6f6-7b14-b41a-e761-fc2f3b98fa38">
      <DeploymentItems>
        <DeploymentItem filename="Tesco.Com.Rewards.Services.RBS.unity.config" />
        <DeploymentItem filename="App.Config" />
        <DeploymentItem filename="Tesco.Com.Rewards.Services.RBS.Provider.dll.config" />
      </DeploymentItems>
      <Execution id="d66db738-635e-4d5b-9027-05979a6f937b" />
      <TestMethod codeBase="D:/Buildoutput/RBS/Binaries/Tesco.Com.Rewards.Services.RBS.UnitTest.DLL" adapterTypeName="Microsoft.VisualStudio.TestTools.TestTypes.Unit.UnitTestAdapter, Microsoft.VisualStudio.QualityTools.Tips.UnitTest.Adapter, Version=10.0.0.0, Culture=neutral, PublicKeyToken=b03f5f7f11d50a3a" className="Tesco.Com.Rewards.Services.RBS.UnitTest.RBSProviderTest, Tesco.Com.Rewards.Services.RBS.UnitTest, Version=1.0.0.0, Culture=neutral, PublicKeyToken=null" name="GetRemindersByStyleIdTest" />
    </UnitTest>
    <UnitTest name="SaveVariantValuesValidTest" storage="d:\buildoutput\rbs\binaries\tesco.com.rewards.services.rbs.unittest.dll" id="b1a9ecfb-cfbb-5b4f-d589-a50b9f51e1a8">
      <DeploymentItems>
        <DeploymentItem filename="Tesco.Com.Rewards.Services.RBS.unity.config" />
        <DeploymentItem filename="App.Config" />
        <DeploymentItem filename="Tesco.Com.Rewards.Services.RBS.Provider.dll.config" />
      </DeploymentItems>
      <Execution id="e53eeed4-f926-4997-9a5a-28a63be63f5d" />
      <TestMethod codeBase="D:/Buildoutput/RBS/Binaries/Tesco.Com.Rewards.Services.RBS.UnitTest.DLL" adapterTypeName="Microsoft.VisualStudio.TestTools.TestTypes.Unit.UnitTestAdapter, Microsoft.VisualStudio.QualityTools.Tips.UnitTest.Adapter, Version=10.0.0.0, Culture=neutral, PublicKeyToken=b03f5f7f11d50a3a" className="Tesco.Com.Rewards.Services.RBS.UnitTest.RBSProviderTest, Tesco.Com.Rewards.Services.RBS.UnitTest, Version=1.0.0.0, Culture=neutral, PublicKeyToken=null" name="SaveVariantValuesValidTest" />
    </UnitTest>
    <UnitTest name="GetContentGroupTest" storage="d:\buildoutput\rbs\binaries\tesco.com.rewards.services.rbs.unittest.dll" id="d45a0a77-b0f2-84c9-7c63-e803b008f9df">
      <DeploymentItems>
        <DeploymentItem filename="Tesco.Com.Rewards.Services.RBS.unity.config" />
        <DeploymentItem filename="App.Config" />
        <DeploymentItem filename="Tesco.Com.Rewards.Services.RBS.Provider.dll.config" />
      </DeploymentItems>
      <Execution id="c2c44a11-5b12-4f22-8973-aff94f11b9d9" />
      <TestMethod codeBase="D:/Buildoutput/RBS/Binaries/Tesco.Com.Rewards.Services.RBS.UnitTest.DLL" adapterTypeName="Microsoft.VisualStudio.TestTools.TestTypes.Unit.UnitTestAdapter, Microsoft.VisualStudio.QualityTools.Tips.UnitTest.Adapter, Version=10.0.0.0, Culture=neutral, PublicKeyToken=b03f5f7f11d50a3a" className="Tesco.Com.Rewards.Services.RBS.UnitTest.RBSProviderTest, Tesco.Com.Rewards.Services.RBS.UnitTest, Version=1.0.0.0, Culture=neutral, PublicKeyToken=null" name="GetContentGroupTest" />
    </UnitTest>
    <UnitTest name="SearchContentGroupRepositoryTest" storage="d:\buildoutput\rbs\binaries\tesco.com.rewards.services.rbs.unittest.dll" id="4ada6f89-2f4f-feca-c858-4edb9a6fc4bf">
      <DeploymentItems>
        <DeploymentItem filename="Tesco.Com.Rewards.Services.RBS.unity.config" />
        <DeploymentItem filename="App.Config" />
        <DeploymentItem filename="Tesco.Com.Rewards.Services.RBS.Provider.dll.config" />
      </DeploymentItems>
      <Execution id="f018603e-751b-4d86-ba49-689804509e68" />
      <TestMethod codeBase="D:/Buildoutput/RBS/Binaries/Tesco.Com.Rewards.Services.RBS.UnitTest.DLL" adapterTypeName="Microsoft.VisualStudio.TestTools.TestTypes.Unit.UnitTestAdapter, Microsoft.VisualStudio.QualityTools.Tips.UnitTest.Adapter, Version=10.0.0.0, Culture=neutral, PublicKeyToken=b03f5f7f11d50a3a" className="Tesco.Com.Rewards.Services.RBS.UnitTest.RBSRepositoryTest, Tesco.Com.Rewards.Services.RBS.UnitTest, Version=1.0.0.0, Culture=neutral, PublicKeyToken=null" name="SearchContentGroupRepositoryTest" />
    </UnitTest>
    <UnitTest name="GetStandingDataValueValidTest" storage="d:\buildoutput\rbs\binaries\tesco.com.rewards.services.rbs.unittest.dll" id="e0b1d61c-b5d3-161f-836e-166c0793ad9c">
      <DeploymentItems>
        <DeploymentItem filename="Tesco.Com.Rewards.Services.RBS.unity.config" />
        <DeploymentItem filename="App.Config" />
        <DeploymentItem filename="Tesco.Com.Rewards.Services.RBS.Provider.dll.config" />
      </DeploymentItems>
      <Execution id="440f95ec-6414-48a5-a692-07ffe828cd93" />
      <TestMethod codeBase="D:/Buildoutput/RBS/Binaries/Tesco.Com.Rewards.Services.RBS.UnitTest.DLL" adapterTypeName="Microsoft.VisualStudio.TestTools.TestTypes.Unit.UnitTestAdapter, Microsoft.VisualStudio.QualityTools.Tips.UnitTest.Adapter, Version=10.0.0.0, Culture=neutral, PublicKeyToken=b03f5f7f11d50a3a" className="Tesco.Com.Rewards.Services.RBS.UnitTest.RBSProviderTest, Tesco.Com.Rewards.Services.RBS.UnitTest, Version=1.0.0.0, Culture=neutral, PublicKeyToken=null" name="GetStandingDataValueValidTest" />
    </UnitTest>
    <UnitTest name="GetContentGroupContentValidTest" storage="d:\buildoutput\rbs\binaries\tesco.com.rewards.services.rbs.unittest.dll" id="08e2153b-b626-7394-c5a1-0abde608d7fb">
      <DeploymentItems>
        <DeploymentItem filename="Tesco.Com.Rewards.Services.RBS.unity.config" />
        <DeploymentItem filename="App.Config" />
        <DeploymentItem filename="Tesco.Com.Rewards.Services.RBS.Provider.dll.config" />
      </DeploymentItems>
      <Execution id="807cddd0-d6b7-484f-9277-2f9fe2906737" />
      <TestMethod codeBase="D:/Buildoutput/RBS/Binaries/Tesco.Com.Rewards.Services.RBS.UnitTest.DLL" adapterTypeName="Microsoft.VisualStudio.TestTools.TestTypes.Unit.UnitTestAdapter, Microsoft.VisualStudio.QualityTools.Tips.UnitTest.Adapter, Version=10.0.0.0, Culture=neutral, PublicKeyToken=b03f5f7f11d50a3a" className="Tesco.Com.Rewards.Services.RBS.UnitTest.RBSRepositoryTest, Tesco.Com.Rewards.Services.RBS.UnitTest, Version=1.0.0.0, Culture=neutral, PublicKeyToken=null" name="GetContentGroupContentValidTest" />
    </UnitTest>
    <UnitTest name="CreateContentGroupForContentValidTest" storage="d:\buildoutput\rbs\binaries\tesco.com.rewards.services.rbs.unittest.dll" id="e3a280e5-b50f-c39b-9533-286708fb1de1">
      <DeploymentItems>
        <DeploymentItem filename="Tesco.Com.Rewards.Services.RBS.unity.config" />
        <DeploymentItem filename="App.Config" />
        <DeploymentItem filename="Tesco.Com.Rewards.Services.RBS.Provider.dll.config" />
      </DeploymentItems>
      <Execution id="a00cfaf0-7d0f-47e8-8987-cd0b1bf6188b" />
      <TestMethod codeBase="D:/Buildoutput/RBS/Binaries/Tesco.Com.Rewards.Services.RBS.UnitTest.DLL" adapterTypeName="Microsoft.VisualStudio.TestTools.TestTypes.Unit.UnitTestAdapter, Microsoft.VisualStudio.QualityTools.Tips.UnitTest.Adapter, Version=10.0.0.0, Culture=neutral, PublicKeyToken=b03f5f7f11d50a3a" className="Tesco.Com.Rewards.Services.RBS.UnitTest.RBSRepositoryTest, Tesco.Com.Rewards.Services.RBS.UnitTest, Version=1.0.0.0, Culture=neutral, PublicKeyToken=null" name="CreateContentGroupForContentValidTest" />
    </UnitTest>
    <UnitTest name="SaveEntitlementTest" storage="d:\buildoutput\rbs\binaries\tesco.com.rewards.services.rbs.unittest.dll" id="3f57a210-2c20-5f5a-1893-aac742c4cb9d">
      <DeploymentItems>
        <DeploymentItem filename="Tesco.Com.Rewards.Services.RBS.unity.config" />
        <DeploymentItem filename="App.Config" />
        <DeploymentItem filename="Tesco.Com.Rewards.Services.RBS.Provider.dll.config" />
      </DeploymentItems>
      <Execution id="ad1bf05a-1757-47d3-b922-181fc886c4de" />
      <TestMethod codeBase="D:/Buildoutput/RBS/Binaries/Tesco.Com.Rewards.Services.RBS.UnitTest.DLL" adapterTypeName="Microsoft.VisualStudio.TestTools.TestTypes.Unit.UnitTestAdapter, Microsoft.VisualStudio.QualityTools.Tips.UnitTest.Adapter, Version=10.0.0.0, Culture=neutral, PublicKeyToken=b03f5f7f11d50a3a" className="Tesco.Com.Rewards.Services.RBS.UnitTest.RBSProviderTest, Tesco.Com.Rewards.Services.RBS.UnitTest, Version=1.0.0.0, Culture=neutral, PublicKeyToken=null" name="SaveEntitlementTest" />
    </UnitTest>
    <UnitTest name="SaveVariantType_UpdateSQLExceptionTest" storage="d:\buildoutput\rbs\binaries\tesco.com.rewards.services.rbs.unittest.dll" id="efe0ce90-5328-c99c-1421-6704602fc7a3">
      <DeploymentItems>
        <DeploymentItem filename="Tesco.Com.Rewards.Services.RBS.unity.config" />
        <DeploymentItem filename="App.Config" />
        <DeploymentItem filename="Tesco.Com.Rewards.Services.RBS.Provider.dll.config" />
      </DeploymentItems>
      <Execution id="546ff036-0132-46cd-8c65-0ec8572f76ff" />
      <TestMethod codeBase="D:/Buildoutput/RBS/Binaries/Tesco.Com.Rewards.Services.RBS.UnitTest.DLL" adapterTypeName="Microsoft.VisualStudio.TestTools.TestTypes.Unit.UnitTestAdapter, Microsoft.VisualStudio.QualityTools.Tips.UnitTest.Adapter, Version=10.0.0.0, Culture=neutral, PublicKeyToken=b03f5f7f11d50a3a" className="Tesco.Com.Rewards.Services.RBS.UnitTest.RBSRepositoryTest, Tesco.Com.Rewards.Services.RBS.UnitTest, Version=1.0.0.0, Culture=neutral, PublicKeyToken=null" name="SaveVariantType_UpdateSQLExceptionTest" />
    </UnitTest>
    <UnitTest name="CreateNotificationTemplateDBExceptionTest" storage="d:\buildoutput\rbs\binaries\tesco.com.rewards.services.rbs.unittest.dll" id="26f4c849-a2f2-9bef-4bec-2212344ff75a">
      <DeploymentItems>
        <DeploymentItem filename="Tesco.Com.Rewards.Services.RBS.unity.config" />
        <DeploymentItem filename="App.Config" />
        <DeploymentItem filename="Tesco.Com.Rewards.Services.RBS.Provider.dll.config" />
      </DeploymentItems>
      <Execution id="9966fc7d-7fc6-407f-a807-7b15fbe58535" />
      <TestMethod codeBase="D:/Buildoutput/RBS/Binaries/Tesco.Com.Rewards.Services.RBS.UnitTest.DLL" adapterTypeName="Microsoft.VisualStudio.TestTools.TestTypes.Unit.UnitTestAdapter, Microsoft.VisualStudio.QualityTools.Tips.UnitTest.Adapter, Version=10.0.0.0, Culture=neutral, PublicKeyToken=b03f5f7f11d50a3a" className="Tesco.Com.Rewards.Services.RBS.UnitTest.RBSRepositoryTest, Tesco.Com.Rewards.Services.RBS.UnitTest, Version=1.0.0.0, Culture=neutral, PublicKeyToken=null" name="CreateNotificationTemplateDBExceptionTest" />
    </UnitTest>
    <UnitTest name="UpdateUser_UpdateLastLogin" storage="d:\buildoutput\rbs\binaries\tesco.com.rewards.services.rbs.unittest.dll" id="21d2c53d-f829-e37c-fe13-951faf49a82b">
      <DeploymentItems>
        <DeploymentItem filename="Tesco.Com.Rewards.Services.RBS.unity.config" />
        <DeploymentItem filename="App.Config" />
        <DeploymentItem filename="Tesco.Com.Rewards.Services.RBS.Provider.dll.config" />
      </DeploymentItems>
      <Execution id="49d38463-e054-486f-bf75-cd2a39f07fe0" />
      <TestMethod codeBase="D:/Buildoutput/RBS/Binaries/Tesco.Com.Rewards.Services.RBS.UnitTest.DLL" adapterTypeName="Microsoft.VisualStudio.TestTools.TestTypes.Unit.UnitTestAdapter, Microsoft.VisualStudio.QualityTools.Tips.UnitTest.Adapter, Version=10.0.0.0, Culture=neutral, PublicKeyToken=b03f5f7f11d50a3a" className="Tesco.Com.Rewards.Services.RBS.UnitTest.RBSRepositoryTest, Tesco.Com.Rewards.Services.RBS.UnitTest, Version=1.0.0.0, Culture=neutral, PublicKeyToken=null" name="UpdateUser_UpdateLastLogin" />
    </UnitTest>
    <UnitTest name="UpdateUser_AuthTokenTest" storage="d:\buildoutput\rbs\binaries\tesco.com.rewards.services.rbs.unittest.dll" id="3308cc3c-c0a8-22fb-d30c-92b6d0b49034">
      <DeploymentItems>
        <DeploymentItem filename="Tesco.Com.Rewards.Services.RBS.unity.config" />
        <DeploymentItem filename="App.Config" />
        <DeploymentItem filename="Tesco.Com.Rewards.Services.RBS.Provider.dll.config" />
      </DeploymentItems>
      <Execution id="18f90abe-329f-44e6-8154-a1bb79e79fd7" />
      <TestMethod codeBase="D:/Buildoutput/RBS/Binaries/Tesco.Com.Rewards.Services.RBS.UnitTest.DLL" adapterTypeName="Microsoft.VisualStudio.TestTools.TestTypes.Unit.UnitTestAdapter, Microsoft.VisualStudio.QualityTools.Tips.UnitTest.Adapter, Version=10.0.0.0, Culture=neutral, PublicKeyToken=b03f5f7f11d50a3a" className="Tesco.Com.Rewards.Services.RBS.UnitTest.RBSRepositoryTest, Tesco.Com.Rewards.Services.RBS.UnitTest, Version=1.0.0.0, Culture=neutral, PublicKeyToken=null" name="UpdateUser_AuthTokenTest" />
    </UnitTest>
    <UnitTest name="GetDenominationsTest" storage="d:\buildoutput\rbs\binaries\tesco.com.rewards.services.rbs.unittest.dll" id="7bfa9a20-a3d1-a8db-7b6d-719ec6736d6b">
      <DeploymentItems>
        <DeploymentItem filename="Tesco.Com.Rewards.Services.RBS.unity.config" />
        <DeploymentItem filename="App.Config" />
        <DeploymentItem filename="Tesco.Com.Rewards.Services.RBS.Provider.dll.config" />
      </DeploymentItems>
      <Execution id="0536b2d8-7451-41d0-ba3c-c8ae4fe1814f" />
      <TestMethod codeBase="D:/Buildoutput/RBS/Binaries/Tesco.Com.Rewards.Services.RBS.UnitTest.DLL" adapterTypeName="Microsoft.VisualStudio.TestTools.TestTypes.Unit.UnitTestAdapter, Microsoft.VisualStudio.QualityTools.Tips.UnitTest.Adapter, Version=10.0.0.0, Culture=neutral, PublicKeyToken=b03f5f7f11d50a3a" className="Tesco.Com.Rewards.Services.RBS.UnitTest.RBSProviderTest, Tesco.Com.Rewards.Services.RBS.UnitTest, Version=1.0.0.0, Culture=neutral, PublicKeyToken=null" name="GetDenominationsTest" />
    </UnitTest>
    <UnitTest name="CreateFeedGenerationRequestTest" storage="d:\buildoutput\rbs\binaries\tesco.com.rewards.services.rbs.unittest.dll" id="fdd6a2bd-b087-f435-8759-3c75bba25a4d">
      <DeploymentItems>
        <DeploymentItem filename="Tesco.Com.Rewards.Services.RBS.unity.config" />
        <DeploymentItem filename="App.Config" />
        <DeploymentItem filename="Tesco.Com.Rewards.Services.RBS.Provider.dll.config" />
      </DeploymentItems>
      <Execution id="30fc07d6-85e8-4994-b870-646f73dfcd13" />
      <TestMethod codeBase="D:/Buildoutput/RBS/Binaries/Tesco.Com.Rewards.Services.RBS.UnitTest.DLL" adapterTypeName="Microsoft.VisualStudio.TestTools.TestTypes.Unit.UnitTestAdapter, Microsoft.VisualStudio.QualityTools.Tips.UnitTest.Adapter, Version=10.0.0.0, Culture=neutral, PublicKeyToken=b03f5f7f11d50a3a" className="Tesco.Com.Rewards.Services.RBS.UnitTest.RBSProviderTest, Tesco.Com.Rewards.Services.RBS.UnitTest, Version=1.0.0.0, Culture=neutral, PublicKeyToken=null" name="CreateFeedGenerationRequestTest" />
    </UnitTest>
    <UnitTest name="GetAllContentGroupDetailValidTest" storage="d:\buildoutput\rbs\binaries\tesco.com.rewards.services.rbs.unittest.dll" id="d01ef75b-7d94-3249-acde-e422bb6db3e3">
      <DeploymentItems>
        <DeploymentItem filename="Tesco.Com.Rewards.Services.RBS.unity.config" />
        <DeploymentItem filename="App.Config" />
        <DeploymentItem filename="Tesco.Com.Rewards.Services.RBS.Provider.dll.config" />
      </DeploymentItems>
      <Execution id="254c1c4a-3091-47a9-8cdc-c2d3d3fc8601" />
      <TestMethod codeBase="D:/Buildoutput/RBS/Binaries/Tesco.Com.Rewards.Services.RBS.UnitTest.DLL" adapterTypeName="Microsoft.VisualStudio.TestTools.TestTypes.Unit.UnitTestAdapter, Microsoft.VisualStudio.QualityTools.Tips.UnitTest.Adapter, Version=10.0.0.0, Culture=neutral, PublicKeyToken=b03f5f7f11d50a3a" className="Tesco.Com.Rewards.Services.RBS.UnitTest.RBSRepositoryTest, Tesco.Com.Rewards.Services.RBS.UnitTest, Version=1.0.0.0, Culture=neutral, PublicKeyToken=null" name="GetAllContentGroupDetailValidTest" />
    </UnitTest>
    <UnitTest name="GetApplicationsTest" storage="d:\buildoutput\rbs\binaries\tesco.com.rewards.services.rbs.unittest.dll" id="ec282ad7-663f-2e43-1083-5f801d0bdd72">
      <DeploymentItems>
        <DeploymentItem filename="Tesco.Com.Rewards.Services.RBS.unity.config" />
        <DeploymentItem filename="App.Config" />
        <DeploymentItem filename="Tesco.Com.Rewards.Services.RBS.Provider.dll.config" />
      </DeploymentItems>
      <Execution id="6498af5d-a738-4e81-b13e-667f257b59a3" />
      <TestMethod codeBase="D:/Buildoutput/RBS/Binaries/Tesco.Com.Rewards.Services.RBS.UnitTest.DLL" adapterTypeName="Microsoft.VisualStudio.TestTools.TestTypes.Unit.UnitTestAdapter, Microsoft.VisualStudio.QualityTools.Tips.UnitTest.Adapter, Version=10.0.0.0, Culture=neutral, PublicKeyToken=b03f5f7f11d50a3a" className="Tesco.Com.Rewards.Services.RBS.UnitTest.RBSRepositoryTest, Tesco.Com.Rewards.Services.RBS.UnitTest, Version=1.0.0.0, Culture=neutral, PublicKeyToken=null" name="GetApplicationsTest" />
    </UnitTest>
    <UnitTest name="GetStandingDataTypeValidTest" storage="d:\buildoutput\rbs\binaries\tesco.com.rewards.services.rbs.unittest.dll" id="4bef76f2-7479-33a7-2598-9f85c02bf0f4">
      <DeploymentItems>
        <DeploymentItem filename="Tesco.Com.Rewards.Services.RBS.unity.config" />
        <DeploymentItem filename="App.Config" />
        <DeploymentItem filename="Tesco.Com.Rewards.Services.RBS.Provider.dll.config" />
      </DeploymentItems>
      <Execution id="22167090-7639-42f7-b2f1-03ed155c8e08" />
      <TestMethod codeBase="D:/Buildoutput/RBS/Binaries/Tesco.Com.Rewards.Services.RBS.UnitTest.DLL" adapterTypeName="Microsoft.VisualStudio.TestTools.TestTypes.Unit.UnitTestAdapter, Microsoft.VisualStudio.QualityTools.Tips.UnitTest.Adapter, Version=10.0.0.0, Culture=neutral, PublicKeyToken=b03f5f7f11d50a3a" className="Tesco.Com.Rewards.Services.RBS.UnitTest.RBSProviderTest, Tesco.Com.Rewards.Services.RBS.UnitTest, Version=1.0.0.0, Culture=neutral, PublicKeyToken=null" name="GetStandingDataTypeValidTest" />
    </UnitTest>
    <UnitTest name="GetUserBusinessValidationException" storage="d:\buildoutput\rbs\binaries\tesco.com.rewards.services.rbs.unittest.dll" id="9733b250-a20c-da11-9878-fbcb5a5d31a9">
      <DeploymentItems>
        <DeploymentItem filename="Tesco.Com.Rewards.Services.RBS.unity.config" />
        <DeploymentItem filename="App.Config" />
        <DeploymentItem filename="Tesco.Com.Rewards.Services.RBS.Provider.dll.config" />
      </DeploymentItems>
      <Execution id="c1cb40f3-e943-410e-a3d9-52b8eeb2cbb8" />
      <TestMethod codeBase="D:/Buildoutput/RBS/Binaries/Tesco.Com.Rewards.Services.RBS.UnitTest.DLL" adapterTypeName="Microsoft.VisualStudio.TestTools.TestTypes.Unit.UnitTestAdapter, Microsoft.VisualStudio.QualityTools.Tips.UnitTest.Adapter, Version=10.0.0.0, Culture=neutral, PublicKeyToken=b03f5f7f11d50a3a" className="Tesco.Com.Rewards.Services.RBS.UnitTest.RBSProviderTest, Tesco.Com.Rewards.Services.RBS.UnitTest, Version=1.0.0.0, Culture=neutral, PublicKeyToken=null" name="GetUserBusinessValidationException" />
    </UnitTest>
    <UnitTest name="CreateUpdateRegionDetailsValidTest" storage="d:\buildoutput\rbs\binaries\tesco.com.rewards.services.rbs.unittest.dll" id="0a402ddd-7eda-deba-f39e-c2717cf1b920">
      <DeploymentItems>
        <DeploymentItem filename="Tesco.Com.Rewards.Services.RBS.unity.config" />
        <DeploymentItem filename="App.Config" />
        <DeploymentItem filename="Tesco.Com.Rewards.Services.RBS.Provider.dll.config" />
      </DeploymentItems>
      <Execution id="a48485f2-ef9c-44bb-99c8-7aeb0f14c341" />
      <TestMethod codeBase="D:/Buildoutput/RBS/Binaries/Tesco.Com.Rewards.Services.RBS.UnitTest.DLL" adapterTypeName="Microsoft.VisualStudio.TestTools.TestTypes.Unit.UnitTestAdapter, Microsoft.VisualStudio.QualityTools.Tips.UnitTest.Adapter, Version=10.0.0.0, Culture=neutral, PublicKeyToken=b03f5f7f11d50a3a" className="Tesco.Com.Rewards.Services.RBS.UnitTest.RBSProviderTest, Tesco.Com.Rewards.Services.RBS.UnitTest, Version=1.0.0.0, Culture=neutral, PublicKeyToken=null" name="CreateUpdateRegionDetailsValidTest" />
    </UnitTest>
    <UnitTest name="SaveVariantTypeBusinessExceptionTest" storage="d:\buildoutput\rbs\binaries\tesco.com.rewards.services.rbs.unittest.dll" id="96c12807-605f-abf0-a0a9-50c6e8318c1e">
      <DeploymentItems>
        <DeploymentItem filename="Tesco.Com.Rewards.Services.RBS.unity.config" />
        <DeploymentItem filename="App.Config" />
        <DeploymentItem filename="Tesco.Com.Rewards.Services.RBS.Provider.dll.config" />
      </DeploymentItems>
      <Execution id="2cf7ee2c-328c-429a-9997-64692ba537f4" />
      <TestMethod codeBase="D:/Buildoutput/RBS/Binaries/Tesco.Com.Rewards.Services.RBS.UnitTest.DLL" adapterTypeName="Microsoft.VisualStudio.TestTools.TestTypes.Unit.UnitTestAdapter, Microsoft.VisualStudio.QualityTools.Tips.UnitTest.Adapter, Version=10.0.0.0, Culture=neutral, PublicKeyToken=b03f5f7f11d50a3a" className="Tesco.Com.Rewards.Services.RBS.UnitTest.RBSProviderTest, Tesco.Com.Rewards.Services.RBS.UnitTest, Version=1.0.0.0, Culture=neutral, PublicKeyToken=null" name="SaveVariantTypeBusinessExceptionTest" />
    </UnitTest>
    <UnitTest name="GetStandingDataValueInValidTest" storage="d:\buildoutput\rbs\binaries\tesco.com.rewards.services.rbs.unittest.dll" id="1d4fb90e-78fb-0c6b-8b9d-69a2d137630d">
      <DeploymentItems>
        <DeploymentItem filename="Tesco.Com.Rewards.Services.RBS.unity.config" />
        <DeploymentItem filename="App.Config" />
        <DeploymentItem filename="Tesco.Com.Rewards.Services.RBS.Provider.dll.config" />
      </DeploymentItems>
      <Execution id="8006fef9-fb19-432e-8b57-414985106de8" />
      <TestMethod codeBase="D:/Buildoutput/RBS/Binaries/Tesco.Com.Rewards.Services.RBS.UnitTest.DLL" adapterTypeName="Microsoft.VisualStudio.TestTools.TestTypes.Unit.UnitTestAdapter, Microsoft.VisualStudio.QualityTools.Tips.UnitTest.Adapter, Version=10.0.0.0, Culture=neutral, PublicKeyToken=b03f5f7f11d50a3a" className="Tesco.Com.Rewards.Services.RBS.UnitTest.RBSProviderTest, Tesco.Com.Rewards.Services.RBS.UnitTest, Version=1.0.0.0, Culture=neutral, PublicKeyToken=null" name="GetStandingDataValueInValidTest" />
    </UnitTest>
    <UnitTest name="GetDenominationInvalidTest" storage="d:\buildoutput\rbs\binaries\tesco.com.rewards.services.rbs.unittest.dll" id="918987c2-bbe8-22f1-86ee-a7e68f0f851e">
      <DeploymentItems>
        <DeploymentItem filename="Tesco.Com.Rewards.Services.RBS.unity.config" />
        <DeploymentItem filename="App.Config" />
        <DeploymentItem filename="Tesco.Com.Rewards.Services.RBS.Provider.dll.config" />
      </DeploymentItems>
      <Execution id="06915c55-34d3-49cb-96fb-e0323f2c8458" />
      <TestMethod codeBase="D:/Buildoutput/RBS/Binaries/Tesco.Com.Rewards.Services.RBS.UnitTest.DLL" adapterTypeName="Microsoft.VisualStudio.TestTools.TestTypes.Unit.UnitTestAdapter, Microsoft.VisualStudio.QualityTools.Tips.UnitTest.Adapter, Version=10.0.0.0, Culture=neutral, PublicKeyToken=b03f5f7f11d50a3a" className="Tesco.Com.Rewards.Services.RBS.UnitTest.RBSProviderTest, Tesco.Com.Rewards.Services.RBS.UnitTest, Version=1.0.0.0, Culture=neutral, PublicKeyToken=null" name="GetDenominationInvalidTest" />
    </UnitTest>
    <UnitTest name="CreateUpdateContentGroupinValidTest" storage="d:\buildoutput\rbs\binaries\tesco.com.rewards.services.rbs.unittest.dll" id="e00cf12d-5ba9-12a1-4009-8b66ddf5767c">
      <DeploymentItems>
        <DeploymentItem filename="Tesco.Com.Rewards.Services.RBS.unity.config" />
        <DeploymentItem filename="App.Config" />
        <DeploymentItem filename="Tesco.Com.Rewards.Services.RBS.Provider.dll.config" />
      </DeploymentItems>
      <Execution id="07a1ad08-16d7-4c57-9c24-b4e321d70ad5" />
      <TestMethod codeBase="D:/Buildoutput/RBS/Binaries/Tesco.Com.Rewards.Services.RBS.UnitTest.DLL" adapterTypeName="Microsoft.VisualStudio.TestTools.TestTypes.Unit.UnitTestAdapter, Microsoft.VisualStudio.QualityTools.Tips.UnitTest.Adapter, Version=10.0.0.0, Culture=neutral, PublicKeyToken=b03f5f7f11d50a3a" className="Tesco.Com.Rewards.Services.RBS.UnitTest.RBSProviderTest, Tesco.Com.Rewards.Services.RBS.UnitTest, Version=1.0.0.0, Culture=neutral, PublicKeyToken=null" name="CreateUpdateContentGroupinValidTest" />
    </UnitTest>
    <UnitTest name="SaveVariantValues_AddDBExceptionTest" storage="d:\buildoutput\rbs\binaries\tesco.com.rewards.services.rbs.unittest.dll" id="53313eb6-364b-3d51-edfe-3c1cc527aa02">
      <DeploymentItems>
        <DeploymentItem filename="Tesco.Com.Rewards.Services.RBS.unity.config" />
        <DeploymentItem filename="App.Config" />
        <DeploymentItem filename="Tesco.Com.Rewards.Services.RBS.Provider.dll.config" />
      </DeploymentItems>
      <Execution id="22436b80-1db6-42ac-a0c5-65e785578d99" />
      <TestMethod codeBase="D:/Buildoutput/RBS/Binaries/Tesco.Com.Rewards.Services.RBS.UnitTest.DLL" adapterTypeName="Microsoft.VisualStudio.TestTools.TestTypes.Unit.UnitTestAdapter, Microsoft.VisualStudio.QualityTools.Tips.UnitTest.Adapter, Version=10.0.0.0, Culture=neutral, PublicKeyToken=b03f5f7f11d50a3a" className="Tesco.Com.Rewards.Services.RBS.UnitTest.RBSRepositoryTest, Tesco.Com.Rewards.Services.RBS.UnitTest, Version=1.0.0.0, Culture=neutral, PublicKeyToken=null" name="SaveVariantValues_AddDBExceptionTest" />
    </UnitTest>
    <UnitTest name="SearchUserBusinessValidationException" storage="d:\buildoutput\rbs\binaries\tesco.com.rewards.services.rbs.unittest.dll" id="ca300c55-12d3-bfc9-77cf-3094c63d901b">
      <DeploymentItems>
        <DeploymentItem filename="Tesco.Com.Rewards.Services.RBS.unity.config" />
        <DeploymentItem filename="App.Config" />
        <DeploymentItem filename="Tesco.Com.Rewards.Services.RBS.Provider.dll.config" />
      </DeploymentItems>
      <Execution id="a970127e-4a0a-4092-bf39-9ddb2cb5420a" />
      <TestMethod codeBase="D:/Buildoutput/RBS/Binaries/Tesco.Com.Rewards.Services.RBS.UnitTest.DLL" adapterTypeName="Microsoft.VisualStudio.TestTools.TestTypes.Unit.UnitTestAdapter, Microsoft.VisualStudio.QualityTools.Tips.UnitTest.Adapter, Version=10.0.0.0, Culture=neutral, PublicKeyToken=b03f5f7f11d50a3a" className="Tesco.Com.Rewards.Services.RBS.UnitTest.RBSProviderTest, Tesco.Com.Rewards.Services.RBS.UnitTest, Version=1.0.0.0, Culture=neutral, PublicKeyToken=null" name="SearchUserBusinessValidationException" />
    </UnitTest>
    <UnitTest name="AuthenticateUserTest" storage="d:\buildoutput\rbs\binaries\tesco.com.rewards.services.rbs.unittest.dll" id="1e4bd745-cfd1-51fd-329f-36bfcbdc9421">
      <DeploymentItems>
        <DeploymentItem filename="Tesco.Com.Rewards.Services.RBS.unity.config" />
        <DeploymentItem filename="App.Config" />
        <DeploymentItem filename="Tesco.Com.Rewards.Services.RBS.Provider.dll.config" />
      </DeploymentItems>
      <Execution id="fc7999a7-b539-41e5-af0c-cce9d556380e" />
      <TestMethod codeBase="D:/Buildoutput/RBS/Binaries/Tesco.Com.Rewards.Services.RBS.UnitTest.DLL" adapterTypeName="Microsoft.VisualStudio.TestTools.TestTypes.Unit.UnitTestAdapter, Microsoft.VisualStudio.QualityTools.Tips.UnitTest.Adapter, Version=10.0.0.0, Culture=neutral, PublicKeyToken=b03f5f7f11d50a3a" className="Tesco.Com.Rewards.Services.RBS.UnitTest.RBSProviderTest, Tesco.Com.Rewards.Services.RBS.UnitTest, Version=1.0.0.0, Culture=neutral, PublicKeyToken=null" name="AuthenticateUserTest" />
    </UnitTest>
    <UnitTest name="GetRegionHierarchyValidTest" storage="d:\buildoutput\rbs\binaries\tesco.com.rewards.services.rbs.unittest.dll" id="61775daa-4038-d53d-8fc5-ab9e23034188">
      <DeploymentItems>
        <DeploymentItem filename="Tesco.Com.Rewards.Services.RBS.unity.config" />
        <DeploymentItem filename="App.Config" />
        <DeploymentItem filename="Tesco.Com.Rewards.Services.RBS.Provider.dll.config" />
      </DeploymentItems>
      <Execution id="3037070e-c237-4569-9e8f-c5554c81e58c" />
      <TestMethod codeBase="D:/Buildoutput/RBS/Binaries/Tesco.Com.Rewards.Services.RBS.UnitTest.DLL" adapterTypeName="Microsoft.VisualStudio.TestTools.TestTypes.Unit.UnitTestAdapter, Microsoft.VisualStudio.QualityTools.Tips.UnitTest.Adapter, Version=10.0.0.0, Culture=neutral, PublicKeyToken=b03f5f7f11d50a3a" className="Tesco.Com.Rewards.Services.RBS.UnitTest.RBSRepositoryTest, Tesco.Com.Rewards.Services.RBS.UnitTest, Version=1.0.0.0, Culture=neutral, PublicKeyToken=null" name="GetRegionHierarchyValidTest" />
    </UnitTest>
    <UnitTest name="GetConfigItem" storage="d:\buildoutput\rbs\binaries\tesco.com.rewards.services.rbs.unittest.dll" id="03257761-8964-1833-7045-7606058fc3ad">
      <DeploymentItems>
        <DeploymentItem filename="Tesco.Com.Rewards.Services.RBS.unity.config" />
        <DeploymentItem filename="App.Config" />
        <DeploymentItem filename="Tesco.Com.Rewards.Services.RBS.Provider.dll.config" />
      </DeploymentItems>
      <Execution id="2c3d8341-d0cf-4bfb-a7bb-fa65ee742d1b" />
      <TestMethod codeBase="D:/Buildoutput/RBS/Binaries/Tesco.Com.Rewards.Services.RBS.UnitTest.DLL" adapterTypeName="Microsoft.VisualStudio.TestTools.TestTypes.Unit.UnitTestAdapter, Microsoft.VisualStudio.QualityTools.Tips.UnitTest.Adapter, Version=10.0.0.0, Culture=neutral, PublicKeyToken=b03f5f7f11d50a3a" className="Tesco.Com.Rewards.Services.RBS.UnitTest.RBSRepositoryTest, Tesco.Com.Rewards.Services.RBS.UnitTest, Version=1.0.0.0, Culture=neutral, PublicKeyToken=null" name="GetConfigItem" />
    </UnitTest>
    <UnitTest name="GetStandingDataArgumentEmptyExceptionTest" storage="d:\buildoutput\rbs\binaries\tesco.com.rewards.services.rbs.unittest.dll" id="3c82bb9e-0e7f-9982-e2e6-fed0e912a637">
      <DeploymentItems>
        <DeploymentItem filename="Tesco.Com.Rewards.Services.RBS.unity.config" />
        <DeploymentItem filename="App.Config" />
        <DeploymentItem filename="Tesco.Com.Rewards.Services.RBS.Provider.dll.config" />
      </DeploymentItems>
      <Execution id="5f2a9b34-5359-4cea-8f2a-b84d14a1b092" />
      <TestMethod codeBase="D:/Buildoutput/RBS/Binaries/Tesco.Com.Rewards.Services.RBS.UnitTest.DLL" adapterTypeName="Microsoft.VisualStudio.TestTools.TestTypes.Unit.UnitTestAdapter, Microsoft.VisualStudio.QualityTools.Tips.UnitTest.Adapter, Version=10.0.0.0, Culture=neutral, PublicKeyToken=b03f5f7f11d50a3a" className="Tesco.Com.Rewards.Services.RBS.UnitTest.RBSProviderTest, Tesco.Com.Rewards.Services.RBS.UnitTest, Version=1.0.0.0, Culture=neutral, PublicKeyToken=null" name="GetStandingDataArgumentEmptyExceptionTest" />
    </UnitTest>
    <UnitTest name="CreateUserTest" storage="d:\buildoutput\rbs\binaries\tesco.com.rewards.services.rbs.unittest.dll" id="23a02786-4f80-e7fc-0f93-9de7b3c76954">
      <DeploymentItems>
        <DeploymentItem filename="Tesco.Com.Rewards.Services.RBS.unity.config" />
        <DeploymentItem filename="App.Config" />
        <DeploymentItem filename="Tesco.Com.Rewards.Services.RBS.Provider.dll.config" />
      </DeploymentItems>
      <Execution id="227f42b3-a3cf-4a53-bddb-2e4e9e703672" />
      <TestMethod codeBase="D:/Buildoutput/RBS/Binaries/Tesco.Com.Rewards.Services.RBS.UnitTest.DLL" adapterTypeName="Microsoft.VisualStudio.TestTools.TestTypes.Unit.UnitTestAdapter, Microsoft.VisualStudio.QualityTools.Tips.UnitTest.Adapter, Version=10.0.0.0, Culture=neutral, PublicKeyToken=b03f5f7f11d50a3a" className="Tesco.Com.Rewards.Services.RBS.UnitTest.RBSProviderTest, Tesco.Com.Rewards.Services.RBS.UnitTest, Version=1.0.0.0, Culture=neutral, PublicKeyToken=null" name="CreateUserTest" />
    </UnitTest>
    <UnitTest name="CreateUserTest" storage="d:\buildoutput\rbs\binaries\tesco.com.rewards.services.rbs.unittest.dll" id="74902e82-4569-04b2-df61-a3dd5e15b2aa">
      <DeploymentItems>
        <DeploymentItem filename="Tesco.Com.Rewards.Services.RBS.unity.config" />
        <DeploymentItem filename="App.Config" />
        <DeploymentItem filename="Tesco.Com.Rewards.Services.RBS.Provider.dll.config" />
      </DeploymentItems>
      <Execution id="da9155e0-c07c-49ba-bfd4-f110d5eae2fb" />
      <TestMethod codeBase="D:/Buildoutput/RBS/Binaries/Tesco.Com.Rewards.Services.RBS.UnitTest.DLL" adapterTypeName="Microsoft.VisualStudio.TestTools.TestTypes.Unit.UnitTestAdapter, Microsoft.VisualStudio.QualityTools.Tips.UnitTest.Adapter, Version=10.0.0.0, Culture=neutral, PublicKeyToken=b03f5f7f11d50a3a" className="Tesco.Com.Rewards.Services.RBS.UnitTest.RBSRepositoryTest, Tesco.Com.Rewards.Services.RBS.UnitTest, Version=1.0.0.0, Culture=neutral, PublicKeyToken=null" name="CreateUserTest" />
    </UnitTest>
    <UnitTest name="SaveupdateEntitlementTest" storage="d:\buildoutput\rbs\binaries\tesco.com.rewards.services.rbs.unittest.dll" id="9a7fda46-438e-41f3-5e98-7959c71d474c">
      <DeploymentItems>
        <DeploymentItem filename="Tesco.Com.Rewards.Services.RBS.unity.config" />
        <DeploymentItem filename="App.Config" />
        <DeploymentItem filename="Tesco.Com.Rewards.Services.RBS.Provider.dll.config" />
      </DeploymentItems>
      <Execution id="6a0cb3ef-044e-4bd4-b7d5-b3e672ba5069" />
      <TestMethod codeBase="D:/Buildoutput/RBS/Binaries/Tesco.Com.Rewards.Services.RBS.UnitTest.DLL" adapterTypeName="Microsoft.VisualStudio.TestTools.TestTypes.Unit.UnitTestAdapter, Microsoft.VisualStudio.QualityTools.Tips.UnitTest.Adapter, Version=10.0.0.0, Culture=neutral, PublicKeyToken=b03f5f7f11d50a3a" className="Tesco.Com.Rewards.Services.RBS.UnitTest.RBSRepositoryTest, Tesco.Com.Rewards.Services.RBS.UnitTest, Version=1.0.0.0, Culture=neutral, PublicKeyToken=null" name="SaveupdateEntitlementTest" />
    </UnitTest>
    <UnitTest name="GetStandingDataValidTest" storage="d:\buildoutput\rbs\binaries\tesco.com.rewards.services.rbs.unittest.dll" id="bcd904d0-0fc6-47a5-062f-1d000b6785ba">
      <DeploymentItems>
        <DeploymentItem filename="Tesco.Com.Rewards.Services.RBS.unity.config" />
        <DeploymentItem filename="App.Config" />
        <DeploymentItem filename="Tesco.Com.Rewards.Services.RBS.Provider.dll.config" />
      </DeploymentItems>
      <Execution id="2dfb8550-302f-4c2d-90d8-6e926d62cf58" />
      <TestMethod codeBase="D:/Buildoutput/RBS/Binaries/Tesco.Com.Rewards.Services.RBS.UnitTest.DLL" adapterTypeName="Microsoft.VisualStudio.TestTools.TestTypes.Unit.UnitTestAdapter, Microsoft.VisualStudio.QualityTools.Tips.UnitTest.Adapter, Version=10.0.0.0, Culture=neutral, PublicKeyToken=b03f5f7f11d50a3a" className="Tesco.Com.Rewards.Services.RBS.UnitTest.RBSRepositoryTest, Tesco.Com.Rewards.Services.RBS.UnitTest, Version=1.0.0.0, Culture=neutral, PublicKeyToken=null" name="GetStandingDataValidTest" />
    </UnitTest>
    <UnitTest name="SaveVariantTypeExceptionTest" storage="d:\buildoutput\rbs\binaries\tesco.com.rewards.services.rbs.unittest.dll" id="a95f9d3f-1d6a-b958-b0cf-6369ba9cf960">
      <DeploymentItems>
        <DeploymentItem filename="Tesco.Com.Rewards.Services.RBS.unity.config" />
        <DeploymentItem filename="App.Config" />
        <DeploymentItem filename="Tesco.Com.Rewards.Services.RBS.Provider.dll.config" />
      </DeploymentItems>
      <Execution id="b1ef6f6f-601e-478f-b075-352ff5a8b700" />
      <TestMethod codeBase="D:/Buildoutput/RBS/Binaries/Tesco.Com.Rewards.Services.RBS.UnitTest.DLL" adapterTypeName="Microsoft.VisualStudio.TestTools.TestTypes.Unit.UnitTestAdapter, Microsoft.VisualStudio.QualityTools.Tips.UnitTest.Adapter, Version=10.0.0.0, Culture=neutral, PublicKeyToken=b03f5f7f11d50a3a" className="Tesco.Com.Rewards.Services.RBS.UnitTest.RBSProviderTest, Tesco.Com.Rewards.Services.RBS.UnitTest, Version=1.0.0.0, Culture=neutral, PublicKeyToken=null" name="SaveVariantTypeExceptionTest" />
    </UnitTest>
    <UnitTest name="GetProductVariantsTest" storage="d:\buildoutput\rbs\binaries\tesco.com.rewards.services.rbs.unittest.dll" id="32c5a955-0ca3-3a34-9545-a0d08d589242">
      <DeploymentItems>
        <DeploymentItem filename="Tesco.Com.Rewards.Services.RBS.unity.config" />
        <DeploymentItem filename="App.Config" />
        <DeploymentItem filename="Tesco.Com.Rewards.Services.RBS.Provider.dll.config" />
      </DeploymentItems>
      <Execution id="25c43d17-3d1f-4ba2-bb0c-fe42d84c605f" />
      <TestMethod codeBase="D:/Buildoutput/RBS/Binaries/Tesco.Com.Rewards.Services.RBS.UnitTest.DLL" adapterTypeName="Microsoft.VisualStudio.TestTools.TestTypes.Unit.UnitTestAdapter, Microsoft.VisualStudio.QualityTools.Tips.UnitTest.Adapter, Version=10.0.0.0, Culture=neutral, PublicKeyToken=b03f5f7f11d50a3a" className="Tesco.Com.Rewards.Services.RBS.UnitTest.RBSRepositoryTest, Tesco.Com.Rewards.Services.RBS.UnitTest, Version=1.0.0.0, Culture=neutral, PublicKeyToken=null" name="GetProductVariantsTest" />
    </UnitTest>
    <UnitTest name="SearchUserTest" storage="d:\buildoutput\rbs\binaries\tesco.com.rewards.services.rbs.unittest.dll" id="cf90ab8f-c818-db82-3c44-ff8ce04f200f">
      <DeploymentItems>
        <DeploymentItem filename="Tesco.Com.Rewards.Services.RBS.unity.config" />
        <DeploymentItem filename="App.Config" />
        <DeploymentItem filename="Tesco.Com.Rewards.Services.RBS.Provider.dll.config" />
      </DeploymentItems>
      <Execution id="c6eeea45-9a87-4991-9030-9d5907515bf4" />
      <TestMethod codeBase="D:/Buildoutput/RBS/Binaries/Tesco.Com.Rewards.Services.RBS.UnitTest.DLL" adapterTypeName="Microsoft.VisualStudio.TestTools.TestTypes.Unit.UnitTestAdapter, Microsoft.VisualStudio.QualityTools.Tips.UnitTest.Adapter, Version=10.0.0.0, Culture=neutral, PublicKeyToken=b03f5f7f11d50a3a" className="Tesco.Com.Rewards.Services.RBS.UnitTest.RBSProviderTest, Tesco.Com.Rewards.Services.RBS.UnitTest, Version=1.0.0.0, Culture=neutral, PublicKeyToken=null" name="SearchUserTest" />
    </UnitTest>
    <UnitTest name="GetVariantsTest" storage="d:\buildoutput\rbs\binaries\tesco.com.rewards.services.rbs.unittest.dll" id="13ebfc4d-751f-6ba3-ecda-8d5328fbf3d3">
      <DeploymentItems>
        <DeploymentItem filename="Tesco.Com.Rewards.Services.RBS.unity.config" />
        <DeploymentItem filename="App.Config" />
        <DeploymentItem filename="Tesco.Com.Rewards.Services.RBS.Provider.dll.config" />
      </DeploymentItems>
      <Execution id="d2485ec1-b90d-43cb-b3c5-36cb61323581" />
      <TestMethod codeBase="D:/Buildoutput/RBS/Binaries/Tesco.Com.Rewards.Services.RBS.UnitTest.DLL" adapterTypeName="Microsoft.VisualStudio.TestTools.TestTypes.Unit.UnitTestAdapter, Microsoft.VisualStudio.QualityTools.Tips.UnitTest.Adapter, Version=10.0.0.0, Culture=neutral, PublicKeyToken=b03f5f7f11d50a3a" className="Tesco.Com.Rewards.Services.RBS.UnitTest.RBSRepositoryTest, Tesco.Com.Rewards.Services.RBS.UnitTest, Version=1.0.0.0, Culture=neutral, PublicKeyToken=null" name="GetVariantsTest" />
    </UnitTest>
    <UnitTest name="GetAllRegionsInValidTest" storage="d:\buildoutput\rbs\binaries\tesco.com.rewards.services.rbs.unittest.dll" id="23047ca5-8236-6645-3ffe-e26bd04b9948">
      <DeploymentItems>
        <DeploymentItem filename="Tesco.Com.Rewards.Services.RBS.unity.config" />
        <DeploymentItem filename="App.Config" />
        <DeploymentItem filename="Tesco.Com.Rewards.Services.RBS.Provider.dll.config" />
      </DeploymentItems>
      <Execution id="6a7641e1-e598-470a-a3a6-bd9d0ff3ca69" />
      <TestMethod codeBase="D:/Buildoutput/RBS/Binaries/Tesco.Com.Rewards.Services.RBS.UnitTest.DLL" adapterTypeName="Microsoft.VisualStudio.TestTools.TestTypes.Unit.UnitTestAdapter, Microsoft.VisualStudio.QualityTools.Tips.UnitTest.Adapter, Version=10.0.0.0, Culture=neutral, PublicKeyToken=b03f5f7f11d50a3a" className="Tesco.Com.Rewards.Services.RBS.UnitTest.RBSProviderTest, Tesco.Com.Rewards.Services.RBS.UnitTest, Version=1.0.0.0, Culture=neutral, PublicKeyToken=null" name="GetAllRegionsInValidTest" />
    </UnitTest>
    <UnitTest name="GetEntitlementTestBusinessValidationTest" storage="d:\buildoutput\rbs\binaries\tesco.com.rewards.services.rbs.unittest.dll" id="7649f395-aa12-5b26-6082-3d456c95f399">
      <DeploymentItems>
        <DeploymentItem filename="Tesco.Com.Rewards.Services.RBS.unity.config" />
        <DeploymentItem filename="App.Config" />
        <DeploymentItem filename="Tesco.Com.Rewards.Services.RBS.Provider.dll.config" />
      </DeploymentItems>
      <Execution id="12aa3330-bfa9-4b98-903b-1022e4542eb2" />
      <TestMethod codeBase="D:/Buildoutput/RBS/Binaries/Tesco.Com.Rewards.Services.RBS.UnitTest.DLL" adapterTypeName="Microsoft.VisualStudio.TestTools.TestTypes.Unit.UnitTestAdapter, Microsoft.VisualStudio.QualityTools.Tips.UnitTest.Adapter, Version=10.0.0.0, Culture=neutral, PublicKeyToken=b03f5f7f11d50a3a" className="Tesco.Com.Rewards.Services.RBS.UnitTest.RBSProviderTest, Tesco.Com.Rewards.Services.RBS.UnitTest, Version=1.0.0.0, Culture=neutral, PublicKeyToken=null" name="GetEntitlementTestBusinessValidationTest" />
    </UnitTest>
    <UnitTest name="GetRemindersByStyleIdTest" storage="d:\buildoutput\rbs\binaries\tesco.com.rewards.services.rbs.unittest.dll" id="80392374-d775-2993-8af1-d144582252e6">
      <DeploymentItems>
        <DeploymentItem filename="Tesco.Com.Rewards.Services.RBS.unity.config" />
        <DeploymentItem filename="App.Config" />
        <DeploymentItem filename="Tesco.Com.Rewards.Services.RBS.Provider.dll.config" />
      </DeploymentItems>
      <Execution id="00c34d95-6741-45d6-8a7d-917be6efed87" />
      <TestMethod codeBase="D:/Buildoutput/RBS/Binaries/Tesco.Com.Rewards.Services.RBS.UnitTest.DLL" adapterTypeName="Microsoft.VisualStudio.TestTools.TestTypes.Unit.UnitTestAdapter, Microsoft.VisualStudio.QualityTools.Tips.UnitTest.Adapter, Version=10.0.0.0, Culture=neutral, PublicKeyToken=b03f5f7f11d50a3a" className="Tesco.Com.Rewards.Services.RBS.UnitTest.RBSRepositoryTest, Tesco.Com.Rewards.Services.RBS.UnitTest, Version=1.0.0.0, Culture=neutral, PublicKeyToken=null" name="GetRemindersByStyleIdTest" />
    </UnitTest>
    <UnitTest name="GetStandingDataValueArgumentEmptyExceptionTest" storage="d:\buildoutput\rbs\binaries\tesco.com.rewards.services.rbs.unittest.dll" id="846ea746-828b-c0b0-59a4-6cea1f666f32">
      <DeploymentItems>
        <DeploymentItem filename="Tesco.Com.Rewards.Services.RBS.unity.config" />
        <DeploymentItem filename="App.Config" />
        <DeploymentItem filename="Tesco.Com.Rewards.Services.RBS.Provider.dll.config" />
      </DeploymentItems>
      <Execution id="d5615b3d-9622-41d0-a690-15cc756fd5c3" />
      <TestMethod codeBase="D:/Buildoutput/RBS/Binaries/Tesco.Com.Rewards.Services.RBS.UnitTest.DLL" adapterTypeName="Microsoft.VisualStudio.TestTools.TestTypes.Unit.UnitTestAdapter, Microsoft.VisualStudio.QualityTools.Tips.UnitTest.Adapter, Version=10.0.0.0, Culture=neutral, PublicKeyToken=b03f5f7f11d50a3a" className="Tesco.Com.Rewards.Services.RBS.UnitTest.RBSProviderTest, Tesco.Com.Rewards.Services.RBS.UnitTest, Version=1.0.0.0, Culture=neutral, PublicKeyToken=null" name="GetStandingDataValueArgumentEmptyExceptionTest" />
    </UnitTest>
    <UnitTest name="CreateUpdateConfigItem" storage="d:\buildoutput\rbs\binaries\tesco.com.rewards.services.rbs.unittest.dll" id="f4da7313-3faa-e1a1-d7c3-b44851c4fa3c">
      <DeploymentItems>
        <DeploymentItem filename="Tesco.Com.Rewards.Services.RBS.unity.config" />
        <DeploymentItem filename="App.Config" />
        <DeploymentItem filename="Tesco.Com.Rewards.Services.RBS.Provider.dll.config" />
      </DeploymentItems>
      <Execution id="3d764bed-c7a9-4e33-afd6-fe089ada95e0" />
      <TestMethod codeBase="D:/Buildoutput/RBS/Binaries/Tesco.Com.Rewards.Services.RBS.UnitTest.DLL" adapterTypeName="Microsoft.VisualStudio.TestTools.TestTypes.Unit.UnitTestAdapter, Microsoft.VisualStudio.QualityTools.Tips.UnitTest.Adapter, Version=10.0.0.0, Culture=neutral, PublicKeyToken=b03f5f7f11d50a3a" className="Tesco.Com.Rewards.Services.RBS.UnitTest.RBSRepositoryTest, Tesco.Com.Rewards.Services.RBS.UnitTest, Version=1.0.0.0, Culture=neutral, PublicKeyToken=null" name="CreateUpdateConfigItem" />
    </UnitTest>
    <UnitTest name="UpdateUserTest" storage="d:\buildoutput\rbs\binaries\tesco.com.rewards.services.rbs.unittest.dll" id="213606a8-6de7-62b2-f0cb-5525f41b276f">
      <DeploymentItems>
        <DeploymentItem filename="Tesco.Com.Rewards.Services.RBS.unity.config" />
        <DeploymentItem filename="App.Config" />
        <DeploymentItem filename="Tesco.Com.Rewards.Services.RBS.Provider.dll.config" />
      </DeploymentItems>
      <Execution id="bb98bad1-76b4-45f4-aaba-212e9121ab83" />
      <TestMethod codeBase="D:/Buildoutput/RBS/Binaries/Tesco.Com.Rewards.Services.RBS.UnitTest.DLL" adapterTypeName="Microsoft.VisualStudio.TestTools.TestTypes.Unit.UnitTestAdapter, Microsoft.VisualStudio.QualityTools.Tips.UnitTest.Adapter, Version=10.0.0.0, Culture=neutral, PublicKeyToken=b03f5f7f11d50a3a" className="Tesco.Com.Rewards.Services.RBS.UnitTest.RBSRepositoryTest, Tesco.Com.Rewards.Services.RBS.UnitTest, Version=1.0.0.0, Culture=neutral, PublicKeyToken=null" name="UpdateUserTest" />
    </UnitTest>
    <UnitTest name="GetStandingDataInValidTest" storage="d:\buildoutput\rbs\binaries\tesco.com.rewards.services.rbs.unittest.dll" id="77891b94-e144-2d64-b364-05b7bb65d065">
      <DeploymentItems>
        <DeploymentItem filename="Tesco.Com.Rewards.Services.RBS.unity.config" />
        <DeploymentItem filename="App.Config" />
        <DeploymentItem filename="Tesco.Com.Rewards.Services.RBS.Provider.dll.config" />
      </DeploymentItems>
      <Execution id="6bb52a5b-df62-4086-9f6e-84a207016b5e" />
      <TestMethod codeBase="D:/Buildoutput/RBS/Binaries/Tesco.Com.Rewards.Services.RBS.UnitTest.DLL" adapterTypeName="Microsoft.VisualStudio.TestTools.TestTypes.Unit.UnitTestAdapter, Microsoft.VisualStudio.QualityTools.Tips.UnitTest.Adapter, Version=10.0.0.0, Culture=neutral, PublicKeyToken=b03f5f7f11d50a3a" className="Tesco.Com.Rewards.Services.RBS.UnitTest.RBSProviderTest, Tesco.Com.Rewards.Services.RBS.UnitTest, Version=1.0.0.0, Culture=neutral, PublicKeyToken=null" name="GetStandingDataInValidTest" />
    </UnitTest>
    <UnitTest name="GetDenominations" storage="d:\buildoutput\rbs\binaries\tesco.com.rewards.services.rbs.unittest.dll" id="03a8daaf-f3f8-04e3-fd31-2a099620e2e7">
      <DeploymentItems>
        <DeploymentItem filename="Tesco.Com.Rewards.Services.RBS.unity.config" />
        <DeploymentItem filename="App.Config" />
        <DeploymentItem filename="Tesco.Com.Rewards.Services.RBS.Provider.dll.config" />
      </DeploymentItems>
      <Execution id="f3004e4e-15cd-4bd4-83ac-9f679b876b76" />
      <TestMethod codeBase="D:/Buildoutput/RBS/Binaries/Tesco.Com.Rewards.Services.RBS.UnitTest.DLL" adapterTypeName="Microsoft.VisualStudio.TestTools.TestTypes.Unit.UnitTestAdapter, Microsoft.VisualStudio.QualityTools.Tips.UnitTest.Adapter, Version=10.0.0.0, Culture=neutral, PublicKeyToken=b03f5f7f11d50a3a" className="Tesco.Com.Rewards.Services.RBS.UnitTest.RBSRepositoryTest, Tesco.Com.Rewards.Services.RBS.UnitTest, Version=1.0.0.0, Culture=neutral, PublicKeyToken=null" name="GetDenominations" />
    </UnitTest>
    <UnitTest name="UpdateNotificationTemplateDetailTest" storage="d:\buildoutput\rbs\binaries\tesco.com.rewards.services.rbs.unittest.dll" id="9f26dde3-d1e7-9a44-00f8-1af5570ebe20">
      <DeploymentItems>
        <DeploymentItem filename="Tesco.Com.Rewards.Services.RBS.unity.config" />
        <DeploymentItem filename="App.Config" />
        <DeploymentItem filename="Tesco.Com.Rewards.Services.RBS.Provider.dll.config" />
      </DeploymentItems>
      <Execution id="022852f8-e721-4402-9770-be31ca01ca38" />
      <TestMethod codeBase="D:/Buildoutput/RBS/Binaries/Tesco.Com.Rewards.Services.RBS.UnitTest.DLL" adapterTypeName="Microsoft.VisualStudio.TestTools.TestTypes.Unit.UnitTestAdapter, Microsoft.VisualStudio.QualityTools.Tips.UnitTest.Adapter, Version=10.0.0.0, Culture=neutral, PublicKeyToken=b03f5f7f11d50a3a" className="Tesco.Com.Rewards.Services.RBS.UnitTest.RBSProviderTest, Tesco.Com.Rewards.Services.RBS.UnitTest, Version=1.0.0.0, Culture=neutral, PublicKeyToken=null" name="UpdateNotificationTemplateDetailTest" />
    </UnitTest>
    <UnitTest name="GetLanguagesWithCallContextNullExceptionTest" storage="d:\buildoutput\rbs\binaries\tesco.com.rewards.services.rbs.unittest.dll" id="f07d5c3e-89b4-bf43-3494-5d9f21e96bbe">
      <DeploymentItems>
        <DeploymentItem filename="Tesco.Com.Rewards.Services.RBS.unity.config" />
        <DeploymentItem filename="App.Config" />
        <DeploymentItem filename="Tesco.Com.Rewards.Services.RBS.Provider.dll.config" />
      </DeploymentItems>
      <Execution id="30c22c3a-5a24-4281-8b0a-b4fafac62fb4" />
      <TestMethod codeBase="D:/Buildoutput/RBS/Binaries/Tesco.Com.Rewards.Services.RBS.UnitTest.DLL" adapterTypeName="Microsoft.VisualStudio.TestTools.TestTypes.Unit.UnitTestAdapter, Microsoft.VisualStudio.QualityTools.Tips.UnitTest.Adapter, Version=10.0.0.0, Culture=neutral, PublicKeyToken=b03f5f7f11d50a3a" className="Tesco.Com.Rewards.Services.RBS.UnitTest.RBSProviderTest, Tesco.Com.Rewards.Services.RBS.UnitTest, Version=1.0.0.0, Culture=neutral, PublicKeyToken=null" name="GetLanguagesWithCallContextNullExceptionTest" />
    </UnitTest>
    <UnitTest name="GetContentGroupForAllValidTest" storage="d:\buildoutput\rbs\binaries\tesco.com.rewards.services.rbs.unittest.dll" id="9399a8bf-243b-c27a-a8b8-8eb6dd2ba3f4">
      <DeploymentItems>
        <DeploymentItem filename="Tesco.Com.Rewards.Services.RBS.unity.config" />
        <DeploymentItem filename="App.Config" />
        <DeploymentItem filename="Tesco.Com.Rewards.Services.RBS.Provider.dll.config" />
      </DeploymentItems>
      <Execution id="de4ffd93-ac55-4148-b0d4-81210b176200" />
      <TestMethod codeBase="D:/Buildoutput/RBS/Binaries/Tesco.Com.Rewards.Services.RBS.UnitTest.DLL" adapterTypeName="Microsoft.VisualStudio.TestTools.TestTypes.Unit.UnitTestAdapter, Microsoft.VisualStudio.QualityTools.Tips.UnitTest.Adapter, Version=10.0.0.0, Culture=neutral, PublicKeyToken=b03f5f7f11d50a3a" className="Tesco.Com.Rewards.Services.RBS.UnitTest.RBSRepositoryTest, Tesco.Com.Rewards.Services.RBS.UnitTest, Version=1.0.0.0, Culture=neutral, PublicKeyToken=null" name="GetContentGroupForAllValidTest" />
    </UnitTest>
    <UnitTest name="GetStandingDataValidTest" storage="d:\buildoutput\rbs\binaries\tesco.com.rewards.services.rbs.unittest.dll" id="dac0e0a1-fe86-0534-413b-5a412d6b127b">
      <DeploymentItems>
        <DeploymentItem filename="Tesco.Com.Rewards.Services.RBS.unity.config" />
        <DeploymentItem filename="App.Config" />
        <DeploymentItem filename="Tesco.Com.Rewards.Services.RBS.Provider.dll.config" />
      </DeploymentItems>
      <Execution id="7a616c75-ba0f-476f-a742-0f1045fcfbef" />
      <TestMethod codeBase="D:/Buildoutput/RBS/Binaries/Tesco.Com.Rewards.Services.RBS.UnitTest.DLL" adapterTypeName="Microsoft.VisualStudio.TestTools.TestTypes.Unit.UnitTestAdapter, Microsoft.VisualStudio.QualityTools.Tips.UnitTest.Adapter, Version=10.0.0.0, Culture=neutral, PublicKeyToken=b03f5f7f11d50a3a" className="Tesco.Com.Rewards.Services.RBS.UnitTest.RBSProviderTest, Tesco.Com.Rewards.Services.RBS.UnitTest, Version=1.0.0.0, Culture=neutral, PublicKeyToken=null" name="GetStandingDataValidTest" />
    </UnitTest>
    <UnitTest name="UpdateUserTest" storage="d:\buildoutput\rbs\binaries\tesco.com.rewards.services.rbs.unittest.dll" id="a9c629cd-107f-f26e-5738-5f623456e801">
      <DeploymentItems>
        <DeploymentItem filename="Tesco.Com.Rewards.Services.RBS.unity.config" />
        <DeploymentItem filename="App.Config" />
        <DeploymentItem filename="Tesco.Com.Rewards.Services.RBS.Provider.dll.config" />
      </DeploymentItems>
      <Execution id="a053f799-9ee4-408f-ae35-45f67ea79217" />
      <TestMethod codeBase="D:/Buildoutput/RBS/Binaries/Tesco.Com.Rewards.Services.RBS.UnitTest.DLL" adapterTypeName="Microsoft.VisualStudio.TestTools.TestTypes.Unit.UnitTestAdapter, Microsoft.VisualStudio.QualityTools.Tips.UnitTest.Adapter, Version=10.0.0.0, Culture=neutral, PublicKeyToken=b03f5f7f11d50a3a" className="Tesco.Com.Rewards.Services.RBS.UnitTest.RBSProviderTest, Tesco.Com.Rewards.Services.RBS.UnitTest, Version=1.0.0.0, Culture=neutral, PublicKeyToken=null" name="UpdateUserTest" />
    </UnitTest>
    <UnitTest name="GetProductVariantValidTest" storage="d:\buildoutput\rbs\binaries\tesco.com.rewards.services.rbs.unittest.dll" id="d60a0867-7f08-8f90-5840-861f739b957a">
      <DeploymentItems>
        <DeploymentItem filename="Tesco.Com.Rewards.Services.RBS.unity.config" />
        <DeploymentItem filename="App.Config" />
        <DeploymentItem filename="Tesco.Com.Rewards.Services.RBS.Provider.dll.config" />
      </DeploymentItems>
      <Execution id="f30cddf3-adf6-46ad-a573-ad37f9982211" />
      <TestMethod codeBase="D:/Buildoutput/RBS/Binaries/Tesco.Com.Rewards.Services.RBS.UnitTest.DLL" adapterTypeName="Microsoft.VisualStudio.TestTools.TestTypes.Unit.UnitTestAdapter, Microsoft.VisualStudio.QualityTools.Tips.UnitTest.Adapter, Version=10.0.0.0, Culture=neutral, PublicKeyToken=b03f5f7f11d50a3a" className="Tesco.Com.Rewards.Services.RBS.UnitTest.RBSProviderTest, Tesco.Com.Rewards.Services.RBS.UnitTest, Version=1.0.0.0, Culture=neutral, PublicKeyToken=null" name="GetProductVariantValidTest" />
    </UnitTest>
    <UnitTest name="GetStandingDataValueDetailsTest" storage="d:\buildoutput\rbs\binaries\tesco.com.rewards.services.rbs.unittest.dll" id="96db3675-fd66-e53a-70f4-4e65470117c4">
      <DeploymentItems>
        <DeploymentItem filename="Tesco.Com.Rewards.Services.RBS.unity.config" />
        <DeploymentItem filename="App.Config" />
        <DeploymentItem filename="Tesco.Com.Rewards.Services.RBS.Provider.dll.config" />
      </DeploymentItems>
      <Execution id="5cc4fcff-d21d-4678-a860-b6a469caa677" />
      <TestMethod codeBase="D:/Buildoutput/RBS/Binaries/Tesco.Com.Rewards.Services.RBS.UnitTest.DLL" adapterTypeName="Microsoft.VisualStudio.TestTools.TestTypes.Unit.UnitTestAdapter, Microsoft.VisualStudio.QualityTools.Tips.UnitTest.Adapter, Version=10.0.0.0, Culture=neutral, PublicKeyToken=b03f5f7f11d50a3a" className="Tesco.Com.Rewards.Services.RBS.UnitTest.RBSProviderTest, Tesco.Com.Rewards.Services.RBS.UnitTest, Version=1.0.0.0, Culture=neutral, PublicKeyToken=null" name="GetStandingDataValueDetailsTest" />
    </UnitTest>
    <UnitTest name="CreateUserBusinessValidationException" storage="d:\buildoutput\rbs\binaries\tesco.com.rewards.services.rbs.unittest.dll" id="7223a1e8-dd07-753e-86e6-cde6728659ed">
      <DeploymentItems>
        <DeploymentItem filename="Tesco.Com.Rewards.Services.RBS.unity.config" />
        <DeploymentItem filename="App.Config" />
        <DeploymentItem filename="Tesco.Com.Rewards.Services.RBS.Provider.dll.config" />
      </DeploymentItems>
      <Execution id="de793b5d-193d-40f7-a445-420362cbcb4c" />
      <TestMethod codeBase="D:/Buildoutput/RBS/Binaries/Tesco.Com.Rewards.Services.RBS.UnitTest.DLL" adapterTypeName="Microsoft.VisualStudio.TestTools.TestTypes.Unit.UnitTestAdapter, Microsoft.VisualStudio.QualityTools.Tips.UnitTest.Adapter, Version=10.0.0.0, Culture=neutral, PublicKeyToken=b03f5f7f11d50a3a" className="Tesco.Com.Rewards.Services.RBS.UnitTest.RBSProviderTest, Tesco.Com.Rewards.Services.RBS.UnitTest, Version=1.0.0.0, Culture=neutral, PublicKeyToken=null" name="CreateUserBusinessValidationException" />
    </UnitTest>
    <UnitTest name="GetRolesTest" storage="d:\buildoutput\rbs\binaries\tesco.com.rewards.services.rbs.unittest.dll" id="a0f7abb9-61d7-30cf-01a5-fd909ee73ccd">
      <DeploymentItems>
        <DeploymentItem filename="Tesco.Com.Rewards.Services.RBS.unity.config" />
        <DeploymentItem filename="App.Config" />
        <DeploymentItem filename="Tesco.Com.Rewards.Services.RBS.Provider.dll.config" />
      </DeploymentItems>
      <Execution id="d2d1c99a-80d4-4ec7-98ba-1cd9bb3a7063" />
      <TestMethod codeBase="D:/Buildoutput/RBS/Binaries/Tesco.Com.Rewards.Services.RBS.UnitTest.DLL" adapterTypeName="Microsoft.VisualStudio.TestTools.TestTypes.Unit.UnitTestAdapter, Microsoft.VisualStudio.QualityTools.Tips.UnitTest.Adapter, Version=10.0.0.0, Culture=neutral, PublicKeyToken=b03f5f7f11d50a3a" className="Tesco.Com.Rewards.Services.RBS.UnitTest.RBSProviderTest, Tesco.Com.Rewards.Services.RBS.UnitTest, Version=1.0.0.0, Culture=neutral, PublicKeyToken=null" name="GetRolesTest" />
    </UnitTest>
    <UnitTest name="GetAllRegionsValidTest" storage="d:\buildoutput\rbs\binaries\tesco.com.rewards.services.rbs.unittest.dll" id="8b316335-53d8-7e3b-c332-6bdc0c3ca890">
      <DeploymentItems>
        <DeploymentItem filename="Tesco.Com.Rewards.Services.RBS.unity.config" />
        <DeploymentItem filename="App.Config" />
        <DeploymentItem filename="Tesco.Com.Rewards.Services.RBS.Provider.dll.config" />
      </DeploymentItems>
      <Execution id="a778b787-8e6a-419b-a45f-7549dcb1832d" />
      <TestMethod codeBase="D:/Buildoutput/RBS/Binaries/Tesco.Com.Rewards.Services.RBS.UnitTest.DLL" adapterTypeName="Microsoft.VisualStudio.TestTools.TestTypes.Unit.UnitTestAdapter, Microsoft.VisualStudio.QualityTools.Tips.UnitTest.Adapter, Version=10.0.0.0, Culture=neutral, PublicKeyToken=b03f5f7f11d50a3a" className="Tesco.Com.Rewards.Services.RBS.UnitTest.RBSRepositoryTest, Tesco.Com.Rewards.Services.RBS.UnitTest, Version=1.0.0.0, Culture=neutral, PublicKeyToken=null" name="GetAllRegionsValidTest" />
    </UnitTest>
    <UnitTest name="CreateContentGroupValidTest" storage="d:\buildoutput\rbs\binaries\tesco.com.rewards.services.rbs.unittest.dll" id="f6389799-0f4c-2597-db6f-e74f868584bf">
      <DeploymentItems>
        <DeploymentItem filename="Tesco.Com.Rewards.Services.RBS.unity.config" />
        <DeploymentItem filename="App.Config" />
        <DeploymentItem filename="Tesco.Com.Rewards.Services.RBS.Provider.dll.config" />
      </DeploymentItems>
      <Execution id="f6f24e12-2948-40c0-9a5d-75d15691d459" />
      <TestMethod codeBase="D:/Buildoutput/RBS/Binaries/Tesco.Com.Rewards.Services.RBS.UnitTest.DLL" adapterTypeName="Microsoft.VisualStudio.TestTools.TestTypes.Unit.UnitTestAdapter, Microsoft.VisualStudio.QualityTools.Tips.UnitTest.Adapter, Version=10.0.0.0, Culture=neutral, PublicKeyToken=b03f5f7f11d50a3a" className="Tesco.Com.Rewards.Services.RBS.UnitTest.RBSRepositoryTest, Tesco.Com.Rewards.Services.RBS.UnitTest, Version=1.0.0.0, Culture=neutral, PublicKeyToken=null" name="CreateContentGroupValidTest" />
    </UnitTest>
    <UnitTest name="SaveVariantType_ArgExceptionTest" storage="d:\buildoutput\rbs\binaries\tesco.com.rewards.services.rbs.unittest.dll" id="b2d1b920-6e9a-6eb7-585d-0f230028fe4a">
      <DeploymentItems>
        <DeploymentItem filename="Tesco.Com.Rewards.Services.RBS.unity.config" />
        <DeploymentItem filename="App.Config" />
        <DeploymentItem filename="Tesco.Com.Rewards.Services.RBS.Provider.dll.config" />
      </DeploymentItems>
      <Execution id="332f86c5-c277-4f0e-9bfc-87d0fb1d8369" />
      <TestMethod codeBase="D:/Buildoutput/RBS/Binaries/Tesco.Com.Rewards.Services.RBS.UnitTest.DLL" adapterTypeName="Microsoft.VisualStudio.TestTools.TestTypes.Unit.UnitTestAdapter, Microsoft.VisualStudio.QualityTools.Tips.UnitTest.Adapter, Version=10.0.0.0, Culture=neutral, PublicKeyToken=b03f5f7f11d50a3a" className="Tesco.Com.Rewards.Services.RBS.UnitTest.RBSRepositoryTest, Tesco.Com.Rewards.Services.RBS.UnitTest, Version=1.0.0.0, Culture=neutral, PublicKeyToken=null" name="SaveVariantType_ArgExceptionTest" />
    </UnitTest>
    <UnitTest name="CreateUpdateRegionDetailsValidTest" storage="d:\buildoutput\rbs\binaries\tesco.com.rewards.services.rbs.unittest.dll" id="570a61aa-151f-8301-134e-f1c019023510">
      <DeploymentItems>
        <DeploymentItem filename="Tesco.Com.Rewards.Services.RBS.unity.config" />
        <DeploymentItem filename="App.Config" />
        <DeploymentItem filename="Tesco.Com.Rewards.Services.RBS.Provider.dll.config" />
      </DeploymentItems>
      <Execution id="503dd9c4-e8de-461a-b008-b7edde4fe7e6" />
      <TestMethod codeBase="D:/Buildoutput/RBS/Binaries/Tesco.Com.Rewards.Services.RBS.UnitTest.DLL" adapterTypeName="Microsoft.VisualStudio.TestTools.TestTypes.Unit.UnitTestAdapter, Microsoft.VisualStudio.QualityTools.Tips.UnitTest.Adapter, Version=10.0.0.0, Culture=neutral, PublicKeyToken=b03f5f7f11d50a3a" className="Tesco.Com.Rewards.Services.RBS.UnitTest.RBSRepositoryTest, Tesco.Com.Rewards.Services.RBS.UnitTest, Version=1.0.0.0, Culture=neutral, PublicKeyToken=null" name="CreateUpdateRegionDetailsValidTest" />
    </UnitTest>
    <UnitTest name="CreateNotificationTemplateTest" storage="d:\buildoutput\rbs\binaries\tesco.com.rewards.services.rbs.unittest.dll" id="4e96e227-5ad0-80d9-5eef-90374a7c2a42">
      <DeploymentItems>
        <DeploymentItem filename="Tesco.Com.Rewards.Services.RBS.unity.config" />
        <DeploymentItem filename="App.Config" />
        <DeploymentItem filename="Tesco.Com.Rewards.Services.RBS.Provider.dll.config" />
      </DeploymentItems>
      <Execution id="4cade2e1-3c16-4a5c-891c-c93d8b6f22bf" />
      <TestMethod codeBase="D:/Buildoutput/RBS/Binaries/Tesco.Com.Rewards.Services.RBS.UnitTest.DLL" adapterTypeName="Microsoft.VisualStudio.TestTools.TestTypes.Unit.UnitTestAdapter, Microsoft.VisualStudio.QualityTools.Tips.UnitTest.Adapter, Version=10.0.0.0, Culture=neutral, PublicKeyToken=b03f5f7f11d50a3a" className="Tesco.Com.Rewards.Services.RBS.UnitTest.RBSRepositoryTest, Tesco.Com.Rewards.Services.RBS.UnitTest, Version=1.0.0.0, Culture=neutral, PublicKeyToken=null" name="CreateNotificationTemplateTest" />
    </UnitTest>
    <UnitTest name="SearchUserTestForEmptyQuery" storage="d:\buildoutput\rbs\binaries\tesco.com.rewards.services.rbs.unittest.dll" id="d84c2977-2a4e-0204-cb2a-233374115f16">
      <DeploymentItems>
        <DeploymentItem filename="Tesco.Com.Rewards.Services.RBS.unity.config" />
        <DeploymentItem filename="App.Config" />
        <DeploymentItem filename="Tesco.Com.Rewards.Services.RBS.Provider.dll.config" />
      </DeploymentItems>
      <Execution id="95a3d85f-0454-4749-b361-5e9882633027" />
      <TestMethod codeBase="D:/Buildoutput/RBS/Binaries/Tesco.Com.Rewards.Services.RBS.UnitTest.DLL" adapterTypeName="Microsoft.VisualStudio.TestTools.TestTypes.Unit.UnitTestAdapter, Microsoft.VisualStudio.QualityTools.Tips.UnitTest.Adapter, Version=10.0.0.0, Culture=neutral, PublicKeyToken=b03f5f7f11d50a3a" className="Tesco.Com.Rewards.Services.RBS.UnitTest.RBSRepositoryTest, Tesco.Com.Rewards.Services.RBS.UnitTest, Version=1.0.0.0, Culture=neutral, PublicKeyToken=null" name="SearchUserTestForEmptyQuery" />
    </UnitTest>
    <UnitTest name="GetLanguagesValidTest" storage="d:\buildoutput\rbs\binaries\tesco.com.rewards.services.rbs.unittest.dll" id="2f480ca1-def1-8439-526d-133c5cdea65f">
      <DeploymentItems>
        <DeploymentItem filename="Tesco.Com.Rewards.Services.RBS.unity.config" />
        <DeploymentItem filename="App.Config" />
        <DeploymentItem filename="Tesco.Com.Rewards.Services.RBS.Provider.dll.config" />
      </DeploymentItems>
      <Execution id="2059f6e0-cd9f-4929-b3a6-4a8060e46c15" />
      <TestMethod codeBase="D:/Buildoutput/RBS/Binaries/Tesco.Com.Rewards.Services.RBS.UnitTest.DLL" adapterTypeName="Microsoft.VisualStudio.TestTools.TestTypes.Unit.UnitTestAdapter, Microsoft.VisualStudio.QualityTools.Tips.UnitTest.Adapter, Version=10.0.0.0, Culture=neutral, PublicKeyToken=b03f5f7f11d50a3a" className="Tesco.Com.Rewards.Services.RBS.UnitTest.RBSRepositoryTest, Tesco.Com.Rewards.Services.RBS.UnitTest, Version=1.0.0.0, Culture=neutral, PublicKeyToken=null" name="GetLanguagesValidTest" />
    </UnitTest>
    <UnitTest name="CreateUpdateConfigItemValidTest" storage="d:\buildoutput\rbs\binaries\tesco.com.rewards.services.rbs.unittest.dll" id="f6afd971-96da-ce2b-00e2-eaab08ffe7f7">
      <DeploymentItems>
        <DeploymentItem filename="Tesco.Com.Rewards.Services.RBS.unity.config" />
        <DeploymentItem filename="App.Config" />
        <DeploymentItem filename="Tesco.Com.Rewards.Services.RBS.Provider.dll.config" />
      </DeploymentItems>
      <Execution id="9fd6978e-4dd0-4034-8c43-2953051576a9" />
      <TestMethod codeBase="D:/Buildoutput/RBS/Binaries/Tesco.Com.Rewards.Services.RBS.UnitTest.DLL" adapterTypeName="Microsoft.VisualStudio.TestTools.TestTypes.Unit.UnitTestAdapter, Microsoft.VisualStudio.QualityTools.Tips.UnitTest.Adapter, Version=10.0.0.0, Culture=neutral, PublicKeyToken=b03f5f7f11d50a3a" className="Tesco.Com.Rewards.Services.RBS.UnitTest.RBSProviderTest, Tesco.Com.Rewards.Services.RBS.UnitTest, Version=1.0.0.0, Culture=neutral, PublicKeyToken=null" name="CreateUpdateConfigItemValidTest" />
    </UnitTest>
    <UnitTest name="SaveVariantType_AddTest" storage="d:\buildoutput\rbs\binaries\tesco.com.rewards.services.rbs.unittest.dll" id="62b688ae-fcf8-9c0d-7ccd-75d6cba24ba6">
      <DeploymentItems>
        <DeploymentItem filename="Tesco.Com.Rewards.Services.RBS.unity.config" />
        <DeploymentItem filename="App.Config" />
        <DeploymentItem filename="Tesco.Com.Rewards.Services.RBS.Provider.dll.config" />
      </DeploymentItems>
      <Execution id="c945eef2-74cf-4906-b868-d2b80c3b5113" />
      <TestMethod codeBase="D:/Buildoutput/RBS/Binaries/Tesco.Com.Rewards.Services.RBS.UnitTest.DLL" adapterTypeName="Microsoft.VisualStudio.TestTools.TestTypes.Unit.UnitTestAdapter, Microsoft.VisualStudio.QualityTools.Tips.UnitTest.Adapter, Version=10.0.0.0, Culture=neutral, PublicKeyToken=b03f5f7f11d50a3a" className="Tesco.Com.Rewards.Services.RBS.UnitTest.RBSRepositoryTest, Tesco.Com.Rewards.Services.RBS.UnitTest, Version=1.0.0.0, Culture=neutral, PublicKeyToken=null" name="SaveVariantType_AddTest" />
    </UnitTest>
    <UnitTest name="SaveNewEntitlementTest" storage="d:\buildoutput\rbs\binaries\tesco.com.rewards.services.rbs.unittest.dll" id="2e30d1a4-f531-27e4-9878-1c0560736c2a">
      <DeploymentItems>
        <DeploymentItem filename="Tesco.Com.Rewards.Services.RBS.unity.config" />
        <DeploymentItem filename="App.Config" />
        <DeploymentItem filename="Tesco.Com.Rewards.Services.RBS.Provider.dll.config" />
      </DeploymentItems>
      <Execution id="a9ad8e3c-1b35-4e50-9563-e02e76dbd0be" />
      <TestMethod codeBase="D:/Buildoutput/RBS/Binaries/Tesco.Com.Rewards.Services.RBS.UnitTest.DLL" adapterTypeName="Microsoft.VisualStudio.TestTools.TestTypes.Unit.UnitTestAdapter, Microsoft.VisualStudio.QualityTools.Tips.UnitTest.Adapter, Version=10.0.0.0, Culture=neutral, PublicKeyToken=b03f5f7f11d50a3a" className="Tesco.Com.Rewards.Services.RBS.UnitTest.RBSRepositoryTest, Tesco.Com.Rewards.Services.RBS.UnitTest, Version=1.0.0.0, Culture=neutral, PublicKeyToken=null" name="SaveNewEntitlementTest" />
    </UnitTest>
    <UnitTest name="CreateReminderDetailsTest" storage="d:\buildoutput\rbs\binaries\tesco.com.rewards.services.rbs.unittest.dll" id="32a5b315-b790-eabd-01ea-27a85ca151ba">
      <DeploymentItems>
        <DeploymentItem filename="Tesco.Com.Rewards.Services.RBS.unity.config" />
        <DeploymentItem filename="App.Config" />
        <DeploymentItem filename="Tesco.Com.Rewards.Services.RBS.Provider.dll.config" />
      </DeploymentItems>
      <Execution id="d11eee45-da57-453c-b308-4d6a64316707" />
      <TestMethod codeBase="D:/Buildoutput/RBS/Binaries/Tesco.Com.Rewards.Services.RBS.UnitTest.DLL" adapterTypeName="Microsoft.VisualStudio.TestTools.TestTypes.Unit.UnitTestAdapter, Microsoft.VisualStudio.QualityTools.Tips.UnitTest.Adapter, Version=10.0.0.0, Culture=neutral, PublicKeyToken=b03f5f7f11d50a3a" className="Tesco.Com.Rewards.Services.RBS.UnitTest.RBSProviderTest, Tesco.Com.Rewards.Services.RBS.UnitTest, Version=1.0.0.0, Culture=neutral, PublicKeyToken=null" name="CreateReminderDetailsTest" />
    </UnitTest>
    <UnitTest name="GetRegionDetailsValidTest" storage="d:\buildoutput\rbs\binaries\tesco.com.rewards.services.rbs.unittest.dll" id="09487928-b927-8027-c2bc-d2b508f1f6b2">
      <DeploymentItems>
        <DeploymentItem filename="Tesco.Com.Rewards.Services.RBS.unity.config" />
        <DeploymentItem filename="App.Config" />
        <DeploymentItem filename="Tesco.Com.Rewards.Services.RBS.Provider.dll.config" />
      </DeploymentItems>
      <Execution id="5aece247-a9bb-42bd-987c-f31acef1cc8e" />
      <TestMethod codeBase="D:/Buildoutput/RBS/Binaries/Tesco.Com.Rewards.Services.RBS.UnitTest.DLL" adapterTypeName="Microsoft.VisualStudio.TestTools.TestTypes.Unit.UnitTestAdapter, Microsoft.VisualStudio.QualityTools.Tips.UnitTest.Adapter, Version=10.0.0.0, Culture=neutral, PublicKeyToken=b03f5f7f11d50a3a" className="Tesco.Com.Rewards.Services.RBS.UnitTest.RBSRepositoryTest, Tesco.Com.Rewards.Services.RBS.UnitTest, Version=1.0.0.0, Culture=neutral, PublicKeyToken=null" name="GetRegionDetailsValidTest" />
    </UnitTest>
    <UnitTest name="SaveVariantType_AddexistingTest" storage="d:\buildoutput\rbs\binaries\tesco.com.rewards.services.rbs.unittest.dll" id="29e53ac0-519a-da58-a3b1-48c0199c51da">
      <DeploymentItems>
        <DeploymentItem filename="Tesco.Com.Rewards.Services.RBS.unity.config" />
        <DeploymentItem filename="App.Config" />
        <DeploymentItem filename="Tesco.Com.Rewards.Services.RBS.Provider.dll.config" />
      </DeploymentItems>
      <Execution id="ea48ca34-f479-4731-a47c-7ce241d554f5" />
      <TestMethod codeBase="D:/Buildoutput/RBS/Binaries/Tesco.Com.Rewards.Services.RBS.UnitTest.DLL" adapterTypeName="Microsoft.VisualStudio.TestTools.TestTypes.Unit.UnitTestAdapter, Microsoft.VisualStudio.QualityTools.Tips.UnitTest.Adapter, Version=10.0.0.0, Culture=neutral, PublicKeyToken=b03f5f7f11d50a3a" className="Tesco.Com.Rewards.Services.RBS.UnitTest.RBSRepositoryTest, Tesco.Com.Rewards.Services.RBS.UnitTest, Version=1.0.0.0, Culture=neutral, PublicKeyToken=null" name="SaveVariantType_AddexistingTest" />
    </UnitTest>
    <UnitTest name="Update_Roletest" storage="d:\buildoutput\rbs\binaries\tesco.com.rewards.services.rbs.unittest.dll" id="96ceb9b2-9bb6-0cca-9402-80aa02d8877c">
      <DeploymentItems>
        <DeploymentItem filename="Tesco.Com.Rewards.Services.RBS.unity.config" />
        <DeploymentItem filename="App.Config" />
        <DeploymentItem filename="Tesco.Com.Rewards.Services.RBS.Provider.dll.config" />
      </DeploymentItems>
      <Execution id="bfece0cf-afa9-4d12-80c7-3af292b085de" />
      <TestMethod codeBase="D:/Buildoutput/RBS/Binaries/Tesco.Com.Rewards.Services.RBS.UnitTest.DLL" adapterTypeName="Microsoft.VisualStudio.TestTools.TestTypes.Unit.UnitTestAdapter, Microsoft.VisualStudio.QualityTools.Tips.UnitTest.Adapter, Version=10.0.0.0, Culture=neutral, PublicKeyToken=b03f5f7f11d50a3a" className="Tesco.Com.Rewards.Services.RBS.UnitTest.RBSRepositoryTest, Tesco.Com.Rewards.Services.RBS.UnitTest, Version=1.0.0.0, Culture=neutral, PublicKeyToken=null" name="Update_Roletest" />
    </UnitTest>
    <UnitTest name="GetStandingDataInValidTest" storage="d:\buildoutput\rbs\binaries\tesco.com.rewards.services.rbs.unittest.dll" id="111a7ef6-286e-2ce0-d7cf-b40fa9568c18">
      <DeploymentItems>
        <DeploymentItem filename="Tesco.Com.Rewards.Services.RBS.unity.config" />
        <DeploymentItem filename="App.Config" />
        <DeploymentItem filename="Tesco.Com.Rewards.Services.RBS.Provider.dll.config" />
      </DeploymentItems>
      <Execution id="0ce7230c-e5a2-4c0c-a6e1-8b9193966a9a" />
      <TestMethod codeBase="D:/Buildoutput/RBS/Binaries/Tesco.Com.Rewards.Services.RBS.UnitTest.DLL" adapterTypeName="Microsoft.VisualStudio.TestTools.TestTypes.Unit.UnitTestAdapter, Microsoft.VisualStudio.QualityTools.Tips.UnitTest.Adapter, Version=10.0.0.0, Culture=neutral, PublicKeyToken=b03f5f7f11d50a3a" className="Tesco.Com.Rewards.Services.RBS.UnitTest.RBSRepositoryTest, Tesco.Com.Rewards.Services.RBS.UnitTest, Version=1.0.0.0, Culture=neutral, PublicKeyToken=null" name="GetStandingDataInValidTest" />
    </UnitTest>
    <UnitTest name="GetStandingDataTypeBaseExceptionTest" storage="d:\buildoutput\rbs\binaries\tesco.com.rewards.services.rbs.unittest.dll" id="772122b0-f2b6-21c4-1fa1-61338ad600b0">
      <DeploymentItems>
        <DeploymentItem filename="Tesco.Com.Rewards.Services.RBS.unity.config" />
        <DeploymentItem filename="App.Config" />
        <DeploymentItem filename="Tesco.Com.Rewards.Services.RBS.Provider.dll.config" />
      </DeploymentItems>
      <Execution id="bfbff001-f8c5-46b6-aa7e-ee4dde22fccc" />
      <TestMethod codeBase="D:/Buildoutput/RBS/Binaries/Tesco.Com.Rewards.Services.RBS.UnitTest.DLL" adapterTypeName="Microsoft.VisualStudio.TestTools.TestTypes.Unit.UnitTestAdapter, Microsoft.VisualStudio.QualityTools.Tips.UnitTest.Adapter, Version=10.0.0.0, Culture=neutral, PublicKeyToken=b03f5f7f11d50a3a" className="Tesco.Com.Rewards.Services.RBS.UnitTest.RBSProviderTest, Tesco.Com.Rewards.Services.RBS.UnitTest, Version=1.0.0.0, Culture=neutral, PublicKeyToken=null" name="GetStandingDataTypeBaseExceptionTest" />
    </UnitTest>
    <UnitTest name="GetStandingDataValueDetailValidTest" storage="d:\buildoutput\rbs\binaries\tesco.com.rewards.services.rbs.unittest.dll" id="d6fa2ac4-0ed7-fe05-9d42-0d8a0b2d15a6">
      <DeploymentItems>
        <DeploymentItem filename="Tesco.Com.Rewards.Services.RBS.unity.config" />
        <DeploymentItem filename="App.Config" />
        <DeploymentItem filename="Tesco.Com.Rewards.Services.RBS.Provider.dll.config" />
      </DeploymentItems>
      <Execution id="be11cd75-ea27-49a8-94b8-cf411b614867" />
      <TestMethod codeBase="D:/Buildoutput/RBS/Binaries/Tesco.Com.Rewards.Services.RBS.UnitTest.DLL" adapterTypeName="Microsoft.VisualStudio.TestTools.TestTypes.Unit.UnitTestAdapter, Microsoft.VisualStudio.QualityTools.Tips.UnitTest.Adapter, Version=10.0.0.0, Culture=neutral, PublicKeyToken=b03f5f7f11d50a3a" className="Tesco.Com.Rewards.Services.RBS.UnitTest.RBSRepositoryTest, Tesco.Com.Rewards.Services.RBS.UnitTest, Version=1.0.0.0, Culture=neutral, PublicKeyToken=null" name="GetStandingDataValueDetailValidTest" />
    </UnitTest>
    <UnitTest name="SaveVariantValue_ArgExceptionTest" storage="d:\buildoutput\rbs\binaries\tesco.com.rewards.services.rbs.unittest.dll" id="310b7b15-60d6-17c8-42cc-e325ce6a46aa">
      <DeploymentItems>
        <DeploymentItem filename="Tesco.Com.Rewards.Services.RBS.unity.config" />
        <DeploymentItem filename="App.Config" />
        <DeploymentItem filename="Tesco.Com.Rewards.Services.RBS.Provider.dll.config" />
      </DeploymentItems>
      <Execution id="2cd10195-4c65-44dc-ab6c-219d133d217e" />
[...]
    </UnitTestResult>
    <UnitTestResult executionId="85770baf-6792-4e92-9407-69824402ac5c" testId="89bf8703-af6e-2351-7c1a-1206ef5bb74d" testName="InsertIntoRbcRequestDetailTestMethod" computerName="DVGEOBUILD013UK" duration="00:00:00.0587275" startTime="2016-07-28T11:02:48.4813206+01:00" endTime="2016-07-28T11:02:48.5453206+01:00" testType="13cdc9d9-ddb5-4fa4-a97d-d965ccfc6d4b" outcome="Failed" testListId="8c84fa94-04c1-424b-9868-57a2d4851a1d" relativeResultsDirectory="85770baf-6792-4e92-9407-69824402ac5c">
      <Output>
        <ErrorInfo>
          <Message>Test method Tesco.Com.Rewards.Services.RBS.UnitTest.RBSRepositoryTest.InsertIntoRbcRequestDetailTestMethod threw exception: 
System.Data.Entity.Infrastructure.DbUpdateException: An error occurred while updating the entries. See the inner exception for details. ---&gt; System.Data.UpdateException: An error occurred while updating the entries. See the inner exception for details. ---&gt; System.Data.SqlClient.SqlException: Invalid object name 'Product.FeedRequestDetail'.</Message>
          <StackTrace>    at System.Data.SqlClient.SqlConnection.OnError(SqlException exception, Boolean breakConnection, Action`1 wrapCloseInAction)
   at System.Data.SqlClient.SqlInternalConnection.OnError(SqlException exception, Boolean breakConnection, Action`1 wrapCloseInAction)
   at System.Data.SqlClient.TdsParser.ThrowExceptionAndWarning(TdsParserStateObject stateObj, Boolean callerHasConnectionLock, Boolean asyncClose)
   at System.Data.SqlClient.TdsParser.TryRun(RunBehavior runBehavior, SqlCommand cmdHandler, SqlDataReader dataStream, BulkCopySimpleResultSet bulkCopyHandler, TdsParserStateObject stateObj, Boolean&amp; dataReady)
   at System.Data.SqlClient.SqlDataReader.TryConsumeMetaData()
   at System.Data.SqlClient.SqlDataReader.get_MetaData()
   at System.Data.SqlClient.SqlCommand.FinishExecuteReader(SqlDataReader ds, RunBehavior runBehavior, String resetOptionsString)
   at System.Data.SqlClient.SqlCommand.RunExecuteReaderTds(CommandBehavior cmdBehavior, RunBehavior runBehavior, Boolean returnStream, Boolean async, Int32 timeout, Task&amp; task, Boolean asyncWrite, SqlDataReader ds)
   at System.Data.SqlClient.SqlCommand.RunExecuteReader(CommandBehavior cmdBehavior, RunBehavior runBehavior, Boolean returnStream, String method, TaskCompletionSource`1 completion, Int32 timeout, Task&amp; task, Boolean asyncWrite)
   at System.Data.SqlClient.SqlCommand.RunExecuteReader(CommandBehavior cmdBehavior, RunBehavior runBehavior, Boolean returnStream, String method)
   at System.Data.SqlClient.SqlCommand.ExecuteReader(CommandBehavior behavior, String method)
   at System.Data.SqlClient.SqlCommand.ExecuteDbDataReader(CommandBehavior behavior)
   at System.Data.Common.DbCommand.ExecuteReader(CommandBehavior behavior)
   at System.Data.Mapping.Update.Internal.DynamicUpdateCommand.Execute(UpdateTranslator translator, EntityConnection connection, Dictionary`2 identifierValues, List`1 generatedValues)
   at System.Data.Mapping.Update.Internal.UpdateTranslator.Update(IEntityStateManager stateManager, IEntityAdapter adapter)
 --- End of inner exception stack trace ---
    at System.Data.Mapping.Update.Internal.UpdateTranslator.Update(IEntityStateManager stateManager, IEntityAdapter adapter)
   at System.Data.EntityClient.EntityAdapter.Update(IEntityStateManager entityCache)
   at System.Data.Objects.ObjectContext.SaveChanges(SaveOptions options)
   at System.Data.Entity.Internal.InternalContext.SaveChanges()
 --- End of inner exception stack trace ---
    at System.Data.Entity.Internal.InternalContext.SaveChanges()
   at System.Data.Entity.Internal.LazyInternalContext.SaveChanges()
   at System.Data.Entity.DbContext.SaveChanges()
   at Tesco.Com.Rewards.Services.RBS.Repositories.RewardsBusinessServiceRepository.CreateFeedGenerationRequest(FeedGenerationRequest FeedRequest, CallContext callContext) in d:\JenkinsSlave\workspace\Rewards\R_RBS\Repositories\EntityFramework\RewardsBusinessServiceRepository.cs:line 533
   at Tesco.Com.Rewards.Services.RBS.UnitTest.RBSRepositoryTest.InsertIntoRbcRequestDetailTestMethod() in d:\JenkinsSlave\workspace\Rewards\R_RBS\UnitTest\RBSRepositoryTest.cs:line 2016
</StackTrace>
        </ErrorInfo>
      </Output>
    </UnitTestResult>
    <UnitTestResult executionId="a9ad8e3c-1b35-4e50-9563-e02e76dbd0be" testId="2e30d1a4-f531-27e4-9878-1c0560736c2a" testName="SaveNewEntitlementTest" computerName="DVGEOBUILD013UK" duration="00:00:00.1349126" startTime="2016-07-28T11:02:48.5563206+01:00" endTime="2016-07-28T11:02:48.6963206+01:00" testType="13cdc9d9-ddb5-4fa4-a97d-d965ccfc6d4b" outcome="Passed" testListId="8c84fa94-04c1-424b-9868-57a2d4851a1d" relativeResultsDirectory="a9ad8e3c-1b35-4e50-9563-e02e76dbd0be">
    </UnitTestResult>
    <UnitTestResult executionId="6a0cb3ef-044e-4bd4-b7d5-b3e672ba5069" testId="9a7fda46-438e-41f3-5e98-7959c71d474c" testName="SaveupdateEntitlementTest" computerName="DVGEOBUILD013UK" duration="00:00:00.3933228" startTime="2016-07-28T11:02:48.7073206+01:00" endTime="2016-07-28T11:02:49.1063206+01:00" testType="13cdc9d9-ddb5-4fa4-a97d-d965ccfc6d4b" outcome="Passed" testListId="8c84fa94-04c1-424b-9868-57a2d4851a1d" relativeResultsDirectory="6a0cb3ef-044e-4bd4-b7d5-b3e672ba5069">
      <Output>
        <StdOut>&lt;?xml version="1.0" encoding="utf-16"?&gt;&lt;RoleEntitlementMapping xmlns:xsi="http://www.w3.org/2001/XMLSchema-instance" xmlns:xsd="http://www.w3.org/2001/XMLSchema"&gt;&lt;RoleId&gt;2&lt;/RoleId&gt;&lt;EntitlementDetails&gt;&lt;EntitlementDetail&gt;&lt;EntitlementId&gt;3&lt;/EntitlementId&gt;&lt;EntitlementValueId&gt;0&lt;/EntitlementValueId&gt;&lt;EntitlementValueText&gt;test&lt;/EntitlementValueText&gt;&lt;/EntitlementDetail&gt;&lt;/EntitlementDetails&gt;&lt;/RoleEntitlementMapping&gt;</StdOut>
      </Output>
    </UnitTestResult>
    <UnitTestResult executionId="15835e41-7718-41d2-8a30-d0e66ace3fd9" testId="5a32e9bd-20ab-b200-2b40-330dfd2ec4a1" testName="SaveVariantType_AddDBExceptionTest" computerName="DVGEOBUILD013UK" duration="00:00:00.1035156" startTime="2016-07-28T11:02:49.1163206+01:00" endTime="2016-07-28T11:02:49.2263206+01:00" testType="13cdc9d9-ddb5-4fa4-a97d-d965ccfc6d4b" outcome="Passed" testListId="8c84fa94-04c1-424b-9868-57a2d4851a1d" relativeResultsDirectory="15835e41-7718-41d2-8a30-d0e66ace3fd9">
    </UnitTestResult>
    <UnitTestResult executionId="303f2172-76ad-4884-8bb0-f490a2c6949d" testId="025d09fa-600f-23ce-6e9f-eb1cd9a10dae" testName="SaveVariantType_AddExceptionTest" computerName="DVGEOBUILD013UK" duration="00:00:00.0386961" startTime="2016-07-28T11:02:49.2353206+01:00" endTime="2016-07-28T11:02:49.2803206+01:00" testType="13cdc9d9-ddb5-4fa4-a97d-d965ccfc6d4b" outcome="Passed" testListId="8c84fa94-04c1-424b-9868-57a2d4851a1d" relativeResultsDirectory="303f2172-76ad-4884-8bb0-f490a2c6949d">
    </UnitTestResult>
    <UnitTestResult executionId="ea48ca34-f479-4731-a47c-7ce241d554f5" testId="29e53ac0-519a-da58-a3b1-48c0199c51da" testName="SaveVariantType_AddexistingTest" computerName="DVGEOBUILD013UK" duration="00:00:00.0668844" startTime="2016-07-28T11:02:49.2893206+01:00" endTime="2016-07-28T11:02:49.3623206+01:00" testType="13cdc9d9-ddb5-4fa4-a97d-d965ccfc6d4b" outcome="Passed" testListId="8c84fa94-04c1-424b-9868-57a2d4851a1d" relativeResultsDirectory="ea48ca34-f479-4731-a47c-7ce241d554f5">
    </UnitTestResult>
    <UnitTestResult executionId="c945eef2-74cf-4906-b868-d2b80c3b5113" testId="62b688ae-fcf8-9c0d-7ccd-75d6cba24ba6" testName="SaveVariantType_AddTest" computerName="DVGEOBUILD013UK" duration="00:00:00.0354197" startTime="2016-07-28T11:02:49.3723206+01:00" endTime="2016-07-28T11:02:49.4143206+01:00" testType="13cdc9d9-ddb5-4fa4-a97d-d965ccfc6d4b" outcome="Passed" testListId="8c84fa94-04c1-424b-9868-57a2d4851a1d" relativeResultsDirectory="c945eef2-74cf-4906-b868-d2b80c3b5113">
    </UnitTestResult>
    <UnitTestResult executionId="332f86c5-c277-4f0e-9bfc-87d0fb1d8369" testId="b2d1b920-6e9a-6eb7-585d-0f230028fe4a" testName="SaveVariantType_ArgExceptionTest" computerName="DVGEOBUILD013UK" duration="00:00:00.0231595" startTime="2016-07-28T11:02:49.4243206+01:00" endTime="2016-07-28T11:02:49.4533206+01:00" testType="13cdc9d9-ddb5-4fa4-a97d-d965ccfc6d4b" outcome="Passed" testListId="8c84fa94-04c1-424b-9868-57a2d4851a1d" relativeResultsDirectory="332f86c5-c277-4f0e-9bfc-87d0fb1d8369">
    </UnitTestResult>
    <UnitTestResult executionId="546ff036-0132-46cd-8c65-0ec8572f76ff" testId="efe0ce90-5328-c99c-1421-6704602fc7a3" testName="SaveVariantType_UpdateSQLExceptionTest" computerName="DVGEOBUILD013UK" duration="00:00:00.0445185" startTime="2016-07-28T11:02:49.4613206+01:00" endTime="2016-07-28T11:02:49.5113206+01:00" testType="13cdc9d9-ddb5-4fa4-a97d-d965ccfc6d4b" outcome="Passed" testListId="8c84fa94-04c1-424b-9868-57a2d4851a1d" relativeResultsDirectory="546ff036-0132-46cd-8c65-0ec8572f76ff">
    </UnitTestResult>
    <UnitTestResult executionId="d9342e69-09a2-4c44-b2bd-d284e4b52086" testId="5f1855d9-9567-4eb2-37d2-256ba534a6c0" testName="SaveVariantType_UpdateTest" computerName="DVGEOBUILD013UK" duration="00:00:00.0337757" startTime="2016-07-28T11:02:49.5203206+01:00" endTime="2016-07-28T11:02:49.5593206+01:00" testType="13cdc9d9-ddb5-4fa4-a97d-d965ccfc6d4b" outcome="Passed" testListId="8c84fa94-04c1-424b-9868-57a2d4851a1d" relativeResultsDirectory="d9342e69-09a2-4c44-b2bd-d284e4b52086">
    </UnitTestResult>
    <UnitTestResult executionId="2cd10195-4c65-44dc-ab6c-219d133d217e" testId="310b7b15-60d6-17c8-42cc-e325ce6a46aa" testName="SaveVariantValue_ArgExceptionTest" computerName="DVGEOBUILD013UK" duration="00:00:00.0300913" startTime="2016-07-28T11:02:49.5693206+01:00" endTime="2016-07-28T11:02:49.6043206+01:00" testType="13cdc9d9-ddb5-4fa4-a97d-d965ccfc6d4b" outcome="Passed" testListId="8c84fa94-04c1-424b-9868-57a2d4851a1d" relativeResultsDirectory="2cd10195-4c65-44dc-ab6c-219d133d217e">
    </UnitTestResult>
    <UnitTestResult executionId="22436b80-1db6-42ac-a0c5-65e785578d99" testId="53313eb6-364b-3d51-edfe-3c1cc527aa02" testName="SaveVariantValues_AddDBExceptionTest" computerName="DVGEOBUILD013UK" duration="00:00:00.0894072" startTime="2016-07-28T11:02:49.6133206+01:00" endTime="2016-07-28T11:02:49.7083206+01:00" testType="13cdc9d9-ddb5-4fa4-a97d-d965ccfc6d4b" outcome="Passed" testListId="8c84fa94-04c1-424b-9868-57a2d4851a1d" relativeResultsDirectory="22436b80-1db6-42ac-a0c5-65e785578d99">
    </UnitTestResult>
    <UnitTestResult executionId="e24b5302-d8c5-4e7a-86a0-7fc09d3f5daf" testId="ff57cbb1-c966-b6e6-deee-1ef64b77ddd8" testName="SaveVariantValues_AddTest" computerName="DVGEOBUILD013UK" duration="00:00:00.0410979" startTime="2016-07-28T11:02:49.7183206+01:00" endTime="2016-07-28T11:02:49.7653206+01:00" testType="13cdc9d9-ddb5-4fa4-a97d-d965ccfc6d4b" outcome="Passed" testListId="8c84fa94-04c1-424b-9868-57a2d4851a1d" relativeResultsDirectory="e24b5302-d8c5-4e7a-86a0-7fc09d3f5daf">
    </UnitTestResult>
    <UnitTestResult executionId="61f5607c-d740-4c22-8a3b-202b80eda9db" testId="569a8dc3-0faf-bbd2-1a31-d68a4d4fc455" testName="SaveVariantValues_UpdateTest" computerName="DVGEOBUILD013UK" duration="00:00:00.0851584" startTime="2016-07-28T11:02:49.7743206+01:00" endTime="2016-07-28T11:02:49.8643206+01:00" testType="13cdc9d9-ddb5-4fa4-a97d-d965ccfc6d4b" outcome="Passed" testListId="8c84fa94-04c1-424b-9868-57a2d4851a1d" relativeResultsDirectory="61f5607c-d740-4c22-8a3b-202b80eda9db">
    </UnitTestResult>
    <UnitTestResult executionId="f018603e-751b-4d86-ba49-689804509e68" testId="4ada6f89-2f4f-feca-c858-4edb9a6fc4bf" testName="SearchContentGroupRepositoryTest" computerName="DVGEOBUILD013UK" duration="00:00:00.0744880" startTime="2016-07-28T11:02:49.8743206+01:00" endTime="2016-07-28T11:02:49.9543206+01:00" testType="13cdc9d9-ddb5-4fa4-a97d-d965ccfc6d4b" outcome="Passed" testListId="8c84fa94-04c1-424b-9868-57a2d4851a1d" relativeResultsDirectory="f018603e-751b-4d86-ba49-689804509e68">
    </UnitTestResult>
    <UnitTestResult executionId="d5a7d318-4a51-494e-a7cb-9c36721b264c" testId="048b1af9-d32c-12c5-27bd-81f927eb7006" testName="SearchUserTest" computerName="DVGEOBUILD013UK" duration="00:00:00.1293804" startTime="2016-07-28T11:02:49.9653206+01:00" endTime="2016-07-28T11:02:50.0993206+01:00" testType="13cdc9d9-ddb5-4fa4-a97d-d965ccfc6d4b" outcome="Passed" testListId="8c84fa94-04c1-424b-9868-57a2d4851a1d" relativeResultsDirectory="d5a7d318-4a51-494e-a7cb-9c36721b264c">
    </UnitTestResult>
    <UnitTestResult executionId="95a3d85f-0454-4749-b361-5e9882633027" testId="d84c2977-2a4e-0204-cb2a-233374115f16" testName="SearchUserTestForEmptyQuery" computerName="DVGEOBUILD013UK" duration="00:00:00.0344408" startTime="2016-07-28T11:02:50.1093206+01:00" endTime="2016-07-28T11:02:50.1483206+01:00" testType="13cdc9d9-ddb5-4fa4-a97d-d965ccfc6d4b" outcome="Passed" testListId="8c84fa94-04c1-424b-9868-57a2d4851a1d" relativeResultsDirectory="95a3d85f-0454-4749-b361-5e9882633027">
    </UnitTestResult>
    <UnitTestResult executionId="bfece0cf-afa9-4d12-80c7-3af292b085de" testId="96ceb9b2-9bb6-0cca-9402-80aa02d8877c" testName="Update_Roletest" computerName="DVGEOBUILD013UK" duration="00:00:00.1777909" startTime="2016-07-28T11:02:50.1593206+01:00" endTime="2016-07-28T11:02:50.3423206+01:00" testType="13cdc9d9-ddb5-4fa4-a97d-d965ccfc6d4b" outcome="Passed" testListId="8c84fa94-04c1-424b-9868-57a2d4851a1d" relativeResultsDirectory="bfece0cf-afa9-4d12-80c7-3af292b085de">
    </UnitTestResult>
    <UnitTestResult executionId="17937d30-3bf3-4e75-8c65-b34009619bfb" testId="547c4cf5-8758-f03b-1230-35ba93a01a21" testName="UpdateContentGroupApprovedTest" computerName="DVGEOBUILD013UK" duration="00:00:00.0687729" startTime="2016-07-28T11:02:50.3523206+01:00" endTime="2016-07-28T11:02:50.4263206+01:00" testType="13cdc9d9-ddb5-4fa4-a97d-d965ccfc6d4b" outcome="Failed" testListId="8c84fa94-04c1-424b-9868-57a2d4851a1d" relativeResultsDirectory="17937d30-3bf3-4e75-8c65-b34009619bfb">
      <Output>
        <ErrorInfo>
          <Message>Assert.Fail failed. An error occurred while updating the entries. See the inner exception for details.</Message>
          <StackTrace>   at Tesco.Com.Rewards.Services.RBS.UnitTest.RBSRepositoryTest.UpdateContentGroupApprovedTest() in d:\JenkinsSlave\workspace\Rewards\R_RBS\UnitTest\RBSRepositoryTest.cs:line 931
</StackTrace>
        </ErrorInfo>
      </Output>
    </UnitTestResult>
    <UnitTestResult executionId="5a1c3ff6-aad7-4b7a-af9c-3dc7ff6aea4a" testId="63fe0ec4-65bb-9b45-56a8-2cd1cc1705dc" testName="UpdateContentGroupRedraftTest" computerName="DVGEOBUILD013UK" duration="00:00:00.0481064" startTime="2016-07-28T11:02:50.4363206+01:00" endTime="2016-07-28T11:02:50.4903206+01:00" testType="13cdc9d9-ddb5-4fa4-a97d-d965ccfc6d4b" outcome="Failed" testListId="8c84fa94-04c1-424b-9868-57a2d4851a1d" relativeResultsDirectory="5a1c3ff6-aad7-4b7a-af9c-3dc7ff6aea4a">
      <Output>
        <ErrorInfo>
          <Message>Assert.Fail failed. Cannot roll back RedraftContentGroup. No transaction or savepoint of that name was found.
[Admin].[CreateReDraftContentGroup]: 1088: Cannot find the object "Admin.ContentGroup" because it does not exist or you do not have permissions.
Transaction count after EXECUTE indicates a mismatching number of BEGIN and COMMIT statements. Previous count = 1, current count = 2.
Transaction count after EXECUTE indicates a mismatching number of BEGIN and COMMIT statements. Previous count = 1, current count = 2.
Uncommittable transaction is detected at the end of the batch. The transaction is rolled back.</Message>
          <StackTrace>   at Tesco.Com.Rewards.Services.RBS.UnitTest.RBSRepositoryTest.UpdateContentGroupRedraftTest() in d:\JenkinsSlave\workspace\Rewards\R_RBS\UnitTest\RBSRepositoryTest.cs:line 967
</StackTrace>
        </ErrorInfo>
      </Output>
    </UnitTestResult>
    <UnitTestResult executionId="40188b31-82e7-4aa5-a19d-ecdac115a0b5" testId="0b537d71-5929-385e-f1b2-ee26cbe040c1" testName="UpdateContentGroupValidTest" computerName="DVGEOBUILD013UK" duration="00:00:00.0213483" startTime="2016-07-28T11:02:50.4993206+01:00" endTime="2016-07-28T11:02:50.5263206+01:00" testType="13cdc9d9-ddb5-4fa4-a97d-d965ccfc6d4b" outcome="Passed" testListId="8c84fa94-04c1-424b-9868-57a2d4851a1d" relativeResultsDirectory="40188b31-82e7-4aa5-a19d-ecdac115a0b5">
    </UnitTestResult>
    <UnitTestResult executionId="e17b4e8e-fe24-467a-a629-d6c2318de527" testId="6f8ece04-77ab-1958-dbdd-22f9b10296b9" testName="UpdateNotificationDBExceptionTest" computerName="DVGEOBUILD013UK" duration="00:00:00.0689666" startTime="2016-07-28T11:02:50.5363206+01:00" endTime="2016-07-28T11:02:50.6103206+01:00" testType="13cdc9d9-ddb5-4fa4-a97d-d965ccfc6d4b" outcome="Passed" testListId="8c84fa94-04c1-424b-9868-57a2d4851a1d" relativeResultsDirectory="e17b4e8e-fe24-467a-a629-d6c2318de527">
    </UnitTestResult>
    <UnitTestResult executionId="74a50277-b0ef-431f-b864-9d987c44c1b2" testId="a3a7f06f-080c-4803-5ea1-7bc11d561c7d" testName="UpdateNotificationDuplicateTemplateNameTest" computerName="DVGEOBUILD013UK" duration="00:00:00.0413106" startTime="2016-07-28T11:02:50.6203206+01:00" endTime="2016-07-28T11:02:50.6673206+01:00" testType="13cdc9d9-ddb5-4fa4-a97d-d965ccfc6d4b" outcome="Passed" testListId="8c84fa94-04c1-424b-9868-57a2d4851a1d" relativeResultsDirectory="74a50277-b0ef-431f-b864-9d987c44c1b2">
    </UnitTestResult>
    <UnitTestResult executionId="7dbce1fc-6041-4781-8203-6c494393aefa" testId="19e05672-1369-a11f-0464-402b0c771357" testName="UpdateReminderDetailDBExceptionTest" computerName="DVGEOBUILD013UK" duration="00:00:00.0604779" startTime="2016-07-28T11:02:50.6763206+01:00" endTime="2016-07-28T11:02:50.7423206+01:00" testType="13cdc9d9-ddb5-4fa4-a97d-d965ccfc6d4b" outcome="Passed" testListId="8c84fa94-04c1-424b-9868-57a2d4851a1d" relativeResultsDirectory="7dbce1fc-6041-4781-8203-6c494393aefa">
    </UnitTestResult>
    <UnitTestResult executionId="18f90abe-329f-44e6-8154-a1bb79e79fd7" testId="3308cc3c-c0a8-22fb-d30c-92b6d0b49034" testName="UpdateUser_AuthTokenTest" computerName="DVGEOBUILD013UK" duration="00:00:00.0961758" startTime="2016-07-28T11:02:50.7523206+01:00" endTime="2016-07-28T11:02:50.8533206+01:00" testType="13cdc9d9-ddb5-4fa4-a97d-d965ccfc6d4b" outcome="Passed" testListId="8c84fa94-04c1-424b-9868-57a2d4851a1d" relativeResultsDirectory="18f90abe-329f-44e6-8154-a1bb79e79fd7">
    </UnitTestResult>
    <UnitTestResult executionId="49d38463-e054-486f-bf75-cd2a39f07fe0" testId="21d2c53d-f829-e37c-fe13-951faf49a82b" testName="UpdateUser_UpdateLastLogin" computerName="DVGEOBUILD013UK" duration="00:00:00.0978833" startTime="2016-07-28T11:02:50.8633206+01:00" endTime="2016-07-28T11:02:50.9663206+01:00" testType="13cdc9d9-ddb5-4fa4-a97d-d965ccfc6d4b" outcome="Passed" testListId="8c84fa94-04c1-424b-9868-57a2d4851a1d" relativeResultsDirectory="49d38463-e054-486f-bf75-cd2a39f07fe0">
    </UnitTestResult>
    <UnitTestResult executionId="adbc1e3f-a006-45df-b712-a842c9257e13" testId="7fc3faf5-27ca-9afe-fd0b-b94b726f6b8b" testName="UpdateUser_UpdateWrongPasswordAttempt" computerName="DVGEOBUILD013UK" duration="00:00:00.0409039" startTime="2016-07-28T11:02:50.9753206+01:00" endTime="2016-07-28T11:02:51.0203206+01:00" testType="13cdc9d9-ddb5-4fa4-a97d-d965ccfc6d4b" outcome="Passed" testListId="8c84fa94-04c1-424b-9868-57a2d4851a1d" relativeResultsDirectory="adbc1e3f-a006-45df-b712-a842c9257e13">
    </UnitTestResult>
    <UnitTestResult executionId="bb98bad1-76b4-45f4-aaba-212e9121ab83" testId="213606a8-6de7-62b2-f0cb-5525f41b276f" testName="UpdateUserTest" computerName="DVGEOBUILD013UK" duration="00:00:00.0604994" startTime="2016-07-28T11:02:51.0293206+01:00" endTime="2016-07-28T11:02:51.0953206+01:00" testType="13cdc9d9-ddb5-4fa4-a97d-d965ccfc6d4b" outcome="Passed" testListId="8c84fa94-04c1-424b-9868-57a2d4851a1d" relativeResultsDirectory="bb98bad1-76b4-45f4-aaba-212e9121ab83">
    </UnitTestResult>
  </Results>
</TestRun>